c:\users\gebeid\software programming\software and programs\c++\c++ projects\visual studio\project\game development\hubble - copy\hubble\debug\vc141.pdb
c:\users\gebeid\software programming\software and programs\c++\c++ projects\visual studio\project\game development\hubble - copy\hubble\debug\vc141.idb
c:\users\gebeid\software programming\software and programs\c++\c++ projects\visual studio\project\game development\hubble - copy\hubble\debug\mechanism.obj
c:\users\gebeid\software programming\software and programs\c++\c++ projects\visual studio\project\game development\hubble - copy\hubble\debug\main_menu.obj
c:\users\gebeid\software programming\software and programs\c++\c++ projects\visual studio\project\game development\hubble - copy\hubble\debug\lazer.obj
c:\users\gebeid\software programming\software and programs\c++\c++ projects\visual studio\project\game development\hubble - copy\hubble\debug\kamekoset.obj
c:\users\gebeid\software programming\software and programs\c++\c++ projects\visual studio\project\game development\hubble - copy\hubble\debug\jupiball.obj
c:\users\gebeid\software programming\software and programs\c++\c++ projects\visual studio\project\game development\hubble - copy\hubble\debug\inferred.obj
c:\users\gebeid\software programming\software and programs\c++\c++ projects\visual studio\project\game development\hubble - copy\hubble\debug\icet.obj
c:\users\gebeid\software programming\software and programs\c++\c++ projects\visual studio\project\game development\hubble - copy\hubble\debug\haychba.obj
c:\users\gebeid\software programming\software and programs\c++\c++ projects\visual studio\project\game development\hubble - copy\hubble\debug\haych.obj
c:\users\gebeid\software programming\software and programs\c++\c++ projects\visual studio\project\game development\hubble - copy\hubble\debug\game_loop.obj
c:\users\gebeid\software programming\software and programs\c++\c++ projects\visual studio\project\game development\hubble - copy\hubble\debug\event.obj
c:\users\gebeid\software programming\software and programs\c++\c++ projects\visual studio\project\game development\hubble - copy\hubble\debug\epolice.obj
c:\users\gebeid\software programming\software and programs\c++\c++ projects\visual studio\project\game development\hubble - copy\hubble\debug\enemy_manager.obj
c:\users\gebeid\software programming\software and programs\c++\c++ projects\visual studio\project\game development\hubble - copy\hubble\debug\enemies.obj
c:\users\gebeid\software programming\software and programs\c++\c++ projects\visual studio\project\game development\hubble - copy\hubble\debug\collision.obj
c:\users\gebeid\software programming\software and programs\c++\c++ projects\visual studio\project\game development\hubble - copy\hubble\debug\boss.obj
c:\users\gebeid\software programming\software and programs\c++\c++ projects\visual studio\project\game development\hubble - copy\hubble\debug\blobby.obj
c:\users\gebeid\software programming\software and programs\c++\c++ projects\visual studio\project\game development\hubble - copy\hubble\debug\asterix.obj
c:\users\gebeid\software programming\software and programs\c++\c++ projects\visual studio\project\game development\hubble - copy\hubble\debug\animate.obj
c:\users\gebeid\software programming\software and programs\c++\c++ projects\visual studio\project\game development\hubble - copy\hubble\debug\ammo.obj
c:\users\gebeid\software programming\software and programs\c++\c++ projects\visual studio\project\game development\hubble - copy\hubble\debug\ziggonet.obj
c:\users\gebeid\software programming\software and programs\c++\c++ projects\visual studio\project\game development\hubble - copy\hubble\debug\xybtofy.obj
c:\users\gebeid\software programming\software and programs\c++\c++ projects\visual studio\project\game development\hubble - copy\hubble\debug\wyrm.obj
c:\users\gebeid\software programming\software and programs\c++\c++ projects\visual studio\project\game development\hubble - copy\hubble\debug\weaponmanager.obj
c:\users\gebeid\software programming\software and programs\c++\c++ projects\visual studio\project\game development\hubble - copy\hubble\debug\weapon.obj
c:\users\gebeid\software programming\software and programs\c++\c++ projects\visual studio\project\game development\hubble - copy\hubble\debug\volcanon.obj
c:\users\gebeid\software programming\software and programs\c++\c++ projects\visual studio\project\game development\hubble - copy\hubble\debug\tools_manager.obj
c:\users\gebeid\software programming\software and programs\c++\c++ projects\visual studio\project\game development\hubble - copy\hubble\debug\tools.obj
c:\users\gebeid\software programming\software and programs\c++\c++ projects\visual studio\project\game development\hubble - copy\hubble\debug\status.obj
c:\users\gebeid\software programming\software and programs\c++\c++ projects\visual studio\project\game development\hubble - copy\hubble\debug\stages.obj
c:\users\gebeid\software programming\software and programs\c++\c++ projects\visual studio\project\game development\hubble - copy\hubble\debug\spyder.obj
c:\users\gebeid\software programming\software and programs\c++\c++ projects\visual studio\project\game development\hubble - copy\hubble\debug\splash_screen.obj
c:\users\gebeid\software programming\software and programs\c++\c++ projects\visual studio\project\game development\hubble - copy\hubble\debug\spaceship.obj
c:\users\gebeid\software programming\software and programs\c++\c++ projects\visual studio\project\game development\hubble - copy\hubble\debug\source.obj
c:\users\gebeid\software programming\software and programs\c++\c++ projects\visual studio\project\game development\hubble - copy\hubble\debug\sonic_wave.obj
c:\users\gebeid\software programming\software and programs\c++\c++ projects\visual studio\project\game development\hubble - copy\hubble\debug\screen_state.obj
c:\users\gebeid\software programming\software and programs\c++\c++ projects\visual studio\project\game development\hubble - copy\hubble\debug\screen_manager.obj
c:\users\gebeid\software programming\software and programs\c++\c++ projects\visual studio\project\game development\hubble - copy\hubble\debug\satusphere.obj
c:\users\gebeid\software programming\software and programs\c++\c++ projects\visual studio\project\game development\hubble - copy\hubble\debug\player.obj
c:\users\gebeid\software programming\software and programs\c++\c++ projects\visual studio\project\game development\hubble - copy\hubble\debug\mpolice.obj
c:\users\gebeid\software programming\software and programs\c++\c++ projects\visual studio\project\game development\hubble - copy\hubble\debug\mini_boss.obj
c:\users\gebeid\software programming\software and programs\c++\c++ projects\visual studio\project\game development\hubble - copy\hubble\debug\spartak_ball.obj
c:\users\gebeid\software programming\software and programs\c++\c++ projects\visual studio\project\game development\hubble - copy\debug\hubble.exe
c:\users\gebeid\software programming\software and programs\c++\c++ projects\visual studio\project\game development\hubble - copy\debug\hubble.ilk
c:\users\gebeid\software programming\software and programs\c++\c++ projects\visual studio\project\game development\hubble - copy\debug\hubble.pdb
c:\users\gebeid\software programming\software and programs\c++\c++ projects\visual studio\project\game development\hubble - copy\hubble\debug\hubble.tlog\cl.command.1.tlog
c:\users\gebeid\software programming\software and programs\c++\c++ projects\visual studio\project\game development\hubble - copy\hubble\debug\hubble.tlog\cl.read.1.tlog
c:\users\gebeid\software programming\software and programs\c++\c++ projects\visual studio\project\game development\hubble - copy\hubble\debug\hubble.tlog\cl.write.1.tlog
c:\users\gebeid\software programming\software and programs\c++\c++ projects\visual studio\project\game development\hubble - copy\hubble\debug\hubble.tlog\link.command.1.tlog
c:\users\gebeid\software programming\software and programs\c++\c++ projects\visual studio\project\game development\hubble - copy\hubble\debug\hubble.tlog\link.read.1.tlog
c:\users\gebeid\software programming\software and programs\c++\c++ projects\visual studio\project\game development\hubble - copy\hubble\debug\hubble.tlog\link.write.1.tlog
