  collision.cpp
c:\users\kamal\documents\github\asteray\hubble\collision.cpp(24): warning C4018: '<': signed/unsigned mismatch
c:\users\kamal\documents\github\asteray\hubble\collision.cpp(55): warning C4018: '<': signed/unsigned mismatch
c:\users\kamal\documents\github\asteray\hubble\collision.cpp(106): warning C4018: '<': signed/unsigned mismatch
c:\users\kamal\documents\github\asteray\hubble\collision.cpp(162): warning C4018: '<': signed/unsigned mismatch
c:\users\kamal\documents\github\asteray\hubble\collision.cpp(164): warning C4018: '<': signed/unsigned mismatch
c:\users\kamal\documents\github\asteray\hubble\collision.cpp(199): warning C4018: '<': signed/unsigned mismatch
c:\users\kamal\documents\github\asteray\hubble\collision.cpp(211): warning C4018: '<': signed/unsigned mismatch
c:\users\kamal\documents\github\asteray\hubble\collision.cpp(223): warning C4018: '<': signed/unsigned mismatch
c:\users\kamal\documents\github\asteray\hubble\collision.cpp(251): warning C4018: '<': signed/unsigned mismatch
c:\users\kamal\documents\github\asteray\hubble\collision.cpp(329): warning C4018: '<': signed/unsigned mismatch
c:\users\kamal\documents\github\asteray\hubble\collision.cpp(331): warning C4018: '<': signed/unsigned mismatch
c:\users\kamal\documents\github\asteray\hubble\collision.cpp(359): warning C4018: '<': signed/unsigned mismatch
c:\users\kamal\documents\github\asteray\hubble\collision.cpp(361): warning C4018: '<': signed/unsigned mismatch
c:\users\kamal\documents\github\asteray\hubble\collision.cpp(401): warning C4018: '<': signed/unsigned mismatch
c:\users\kamal\documents\github\asteray\hubble\collision.cpp(523): warning C4018: '<': signed/unsigned mismatch
c:\users\kamal\documents\github\asteray\hubble\collision.cpp(575): warning C4018: '<': signed/unsigned mismatch
c:\users\kamal\documents\github\asteray\hubble\collision.cpp(577): warning C4018: '<': signed/unsigned mismatch
c:\users\kamal\documents\github\asteray\hubble\collision.cpp(604): warning C4018: '<': signed/unsigned mismatch
c:\users\kamal\documents\github\asteray\hubble\collision.cpp(606): warning C4018: '<': signed/unsigned mismatch
c:\users\kamal\documents\github\asteray\hubble\collision.cpp(642): warning C4018: '<': signed/unsigned mismatch
c:\users\kamal\documents\github\asteray\hubble\collision.cpp(644): warning C4018: '<': signed/unsigned mismatch
c:\users\kamal\documents\github\asteray\hubble\collision.cpp(668): warning C4018: '<': signed/unsigned mismatch
c:\users\kamal\documents\github\asteray\hubble\collision.cpp(670): warning C4018: '<': signed/unsigned mismatch
c:\users\kamal\documents\github\asteray\hubble\collision.cpp(689): warning C4018: '<': signed/unsigned mismatch
c:\users\kamal\documents\github\asteray\hubble\collision.cpp(691): warning C4018: '<': signed/unsigned mismatch
c:\users\kamal\documents\github\asteray\hubble\collision.cpp(713): warning C4018: '<': signed/unsigned mismatch
c:\users\kamal\documents\github\asteray\hubble\collision.cpp(715): warning C4018: '<': signed/unsigned mismatch
c:\users\kamal\documents\github\asteray\hubble\collision.cpp(752): warning C4018: '<': signed/unsigned mismatch
c:\users\kamal\documents\github\asteray\hubble\collision.cpp(754): warning C4018: '<': signed/unsigned mismatch
c:\users\kamal\documents\github\asteray\hubble\collision.cpp(783): warning C4018: '<': signed/unsigned mismatch
c:\users\kamal\documents\github\asteray\hubble\collision.cpp(785): warning C4018: '<': signed/unsigned mismatch
c:\users\kamal\documents\github\asteray\hubble\collision.cpp(812): warning C4018: '<': signed/unsigned mismatch
c:\users\kamal\documents\github\asteray\hubble\collision.cpp(814): warning C4018: '<': signed/unsigned mismatch
c:\users\kamal\documents\github\asteray\hubble\collision.cpp(838): warning C4018: '<': signed/unsigned mismatch
c:\users\kamal\documents\github\asteray\hubble\collision.cpp(840): warning C4018: '<': signed/unsigned mismatch
c:\users\kamal\documents\github\asteray\hubble\collision.cpp(869): warning C4018: '<': signed/unsigned mismatch
c:\users\kamal\documents\github\asteray\hubble\collision.cpp(871): warning C4018: '<': signed/unsigned mismatch
c:\users\kamal\documents\github\asteray\hubble\collision.cpp(901): warning C4018: '<': signed/unsigned mismatch
c:\users\kamal\documents\github\asteray\hubble\collision.cpp(903): warning C4018: '<': signed/unsigned mismatch
  game_loop.cpp
c:\users\kamal\documents\github\asteray\hubble\game_loop.cpp(185): warning C4018: '<': signed/unsigned mismatch
c:\users\kamal\documents\github\asteray\hubble\game_loop.cpp(199): warning C4018: '<': signed/unsigned mismatch
c:\users\kamal\documents\github\asteray\hubble\game_loop.cpp(214): warning C4102: 'GAMEOVER': unreferenced label
c:\users\kamal\documents\github\asteray\hubble\game_loop.cpp(738): warning C4018: '<': signed/unsigned mismatch
c:\users\kamal\documents\github\asteray\hubble\game_loop.cpp(850): warning C4018: '<': signed/unsigned mismatch
c:\users\kamal\documents\github\asteray\hubble\game_loop.cpp(882): warning C4018: '<': signed/unsigned mismatch
c:\users\kamal\documents\github\asteray\hubble\game_loop.cpp(1252): warning C4018: '<': signed/unsigned mismatch
c:\users\kamal\documents\github\asteray\hubble\game_loop.cpp(1258): warning C4018: '<': signed/unsigned mismatch
c:\users\kamal\documents\github\asteray\hubble\game_loop.cpp(1296): warning C4018: '<': signed/unsigned mismatch
c:\users\kamal\documents\github\asteray\hubble\game_loop.cpp(1314): warning C4018: '<': signed/unsigned mismatch
c:\users\kamal\documents\github\asteray\hubble\game_loop.cpp(1333): warning C4018: '<': signed/unsigned mismatch
c:\users\kamal\documents\github\asteray\hubble\game_loop.cpp(1339): warning C4018: '<': signed/unsigned mismatch
c:\users\kamal\documents\github\asteray\hubble\game_loop.cpp(1494): warning C4018: '<': signed/unsigned mismatch
  Main_menu.cpp
  screen_manager.cpp
  Source.cpp
  weaponManager.cpp
c:\users\kamal\documents\github\asteray\hubble\weaponmanager.cpp(128): warning C4018: '<': signed/unsigned mismatch
c:\users\kamal\documents\github\asteray\hubble\weaponmanager.cpp(164): warning C4018: '<': signed/unsigned mismatch
c:\users\kamal\documents\github\asteray\hubble\weaponmanager.cpp(173): warning C4018: '<': signed/unsigned mismatch
c:\users\kamal\documents\github\asteray\hubble\weaponmanager.cpp(234): warning C4018: '<': signed/unsigned mismatch
  Generating Code...
  hubble.vcxproj -> C:\Users\Kamal\Documents\GitHub\Asteray\Debug\hubble.exe
