stdio    D         file_stdio.c:110  file_stdio_fopen                 [   0.00000] opening C:\Users\Kamal\Documents\GitHub\Asteray\Debug\allegro5.cfg r
system   D            wsystem.c:802  maybe_parent_dir                 [   0.00000] Also searching C:\Users\Kamal\Documents\GitHub\Asteray\
system   D            wsystem.c:852  _al_win_safe_load_library        [   0.00000] PathFindOnPath found: C:\WINDOWS\system32\shcore.dll
system   D            wsystem.c:763  load_library_at_path             [   0.00000] Calling LoadLibrary C:\WINDOWS\system32\shcore.dll
system   I            wsystem.c:766  load_library_at_path             [   0.00000] Loaded C:\WINDOWS\system32\shcore.dll
system   I             system.c:267  al_install_system                [   0.00000] Allegro version: 5.2.5
audio-dsound I           dsound.cpp:271  _dsound_open                     [   0.02357] Starting DirectSound...
audio-dsound D           dsound.cpp:280  _dsound_open                     [   0.07764] DirectSoundCreate8 succeeded
audio-dsound I           dsound.cpp:73   get_window                       [   0.07770] Using desktop window: 00010010
audio    I              audio.c:347  do_install_audio                 [   0.07785] Using DirectSound driver
stdio    D         file_stdio.c:110  file_stdio_fopen                 [   0.07806] opening ss.png rb
stdio    D         file_stdio.c:110  file_stdio_fopen                 [   0.07823] opening ss.png rb
image    E                png.c:415  _al_load_png                     [   0.07834] Unable to open ss.png for reading.
bitmap   E          bitmap_io.c:209  al_load_bitmap_flags             [   0.07837] Failed loading bitmap ss.png with .png handler.
stdio    D         file_stdio.c:110  file_stdio_fopen                 [   0.07841] opening ariblk.ttf rb
font     E                ttf.c:994  al_load_ttf_font_stretch         [   0.07851] Unable to open file for reading: ariblk.ttf
system   D            wsystem.c:802  maybe_parent_dir                 [   0.07865] Also searching C:\Users\Kamal\Documents\GitHub\Asteray\
system   D            wsystem.c:852  _al_win_safe_load_library        [   0.07886] PathFindOnPath found: C:\WINDOWS\system32\d3d9.dll
system   D            wsystem.c:763  load_library_at_path             [   0.07889] Calling LoadLibrary C:\WINDOWS\system32\d3d9.dll
system   I            wsystem.c:766  load_library_at_path             [   0.08266] Loaded C:\WINDOWS\system32\d3d9.dll
d3d      I         d3d_disp.cpp:674  d3d_init_display                 [   0.12257] Render-to-texture: 1
d3d      I         d3d_disp.cpp:1768 d3d_create_display_locked        [   0.12370] faux_fullscreen=0
d3d      D         d3d_disp.cpp:1769 d3d_create_display_locked        [   0.12374] al_display=03C6C160
d3d      D         d3d_disp.cpp:1770 d3d_create_display_locked        [   0.12376] al_display->vt=019EF3C0
d3d      I d3d_display_formats.cpp:144  _al_d3d_generate_display_format_list [   0.12609] found 288 format combinations
display  D   display_settings.c:212  debug_display_settings           [   0.12612] color: 32 (rgba 8880), depth: 0, stencil: 0, acc: 0000, samples: 0/0
display  D   display_settings.c:527  _al_score_display_settings       [   0.12618] Score is : 897
display  D   display_settings.c:212  debug_display_settings           [   0.12620] color: 32 (rgba 8880), depth: 0, stencil: 0, acc: 0000, samples: 0/0
display  D   display_settings.c:527  _al_score_display_settings       [   0.12623] Score is : 897
display  D   display_settings.c:212  debug_display_settings           [   0.12626] color: 32 (rgba 8880), depth: 0, stencil: 0, acc: 0000, samples: 2/1
display  D   display_settings.c:527  _al_score_display_settings       [   0.12629] Score is : 726
display  D   display_settings.c:212  debug_display_settings           [   0.12631] color: 32 (rgba 8880), depth: 0, stencil: 0, acc: 0000, samples: 3/1
display  D   display_settings.c:527  _al_score_display_settings       [   0.12634] Score is : 721
display  D   display_settings.c:212  debug_display_settings           [   0.12636] color: 32 (rgba 8880), depth: 0, stencil: 0, acc: 0000, samples: 4/1
display  D   display_settings.c:527  _al_score_display_settings       [   0.12644] Score is : 717
display  D   display_settings.c:212  debug_display_settings           [   0.12647] color: 32 (rgba 8880), depth: 0, stencil: 0, acc: 0000, samples: 5/1
display  D   display_settings.c:527  _al_score_display_settings       [   0.12650] Score is : 715
display  D   display_settings.c:212  debug_display_settings           [   0.12652] color: 32 (rgba 8880), depth: 0, stencil: 0, acc: 0000, samples: 6/1
display  D   display_settings.c:527  _al_score_display_settings       [   0.12655] Score is : 714
display  D   display_settings.c:212  debug_display_settings           [   0.12657] color: 32 (rgba 8880), depth: 0, stencil: 0, acc: 0000, samples: 7/1
display  D   display_settings.c:527  _al_score_display_settings       [   0.12660] Score is : 713
display  D   display_settings.c:212  debug_display_settings           [   0.12662] color: 32 (rgba 8880), depth: 0, stencil: 0, acc: 0000, samples: 8/1
display  D   display_settings.c:527  _al_score_display_settings       [   0.12665] Score is : 712
display  D   display_settings.c:212  debug_display_settings           [   0.12668] color: 32 (rgba 8880), depth: 24, stencil: 8, acc: 0000, samples: 0/0
display  D   display_settings.c:527  _al_score_display_settings       [   0.12671] Score is : 897
display  D   display_settings.c:212  debug_display_settings           [   0.12673] color: 32 (rgba 8880), depth: 24, stencil: 8, acc: 0000, samples: 0/0
display  D   display_settings.c:527  _al_score_display_settings       [   0.12676] Score is : 897
display  D   display_settings.c:212  debug_display_settings           [   0.12678] color: 32 (rgba 8880), depth: 24, stencil: 8, acc: 0000, samples: 2/1
display  D   display_settings.c:527  _al_score_display_settings       [   0.12681] Score is : 726
display  D   display_settings.c:212  debug_display_settings           [   0.12683] color: 32 (rgba 8880), depth: 24, stencil: 8, acc: 0000, samples: 3/1
display  D   display_settings.c:527  _al_score_display_settings       [   0.12686] Score is : 721
display  D   display_settings.c:212  debug_display_settings           [   0.12689] color: 32 (rgba 8880), depth: 24, stencil: 8, acc: 0000, samples: 4/1
display  D   display_settings.c:527  _al_score_display_settings       [   0.12692] Score is : 717
display  D   display_settings.c:212  debug_display_settings           [   0.12694] color: 32 (rgba 8880), depth: 24, stencil: 8, acc: 0000, samples: 5/1
display  D   display_settings.c:527  _al_score_display_settings       [   0.12697] Score is : 715
display  D   display_settings.c:212  debug_display_settings           [   0.12699] color: 32 (rgba 8880), depth: 24, stencil: 8, acc: 0000, samples: 6/1
display  D   display_settings.c:527  _al_score_display_settings       [   0.12702] Score is : 714
display  D   display_settings.c:212  debug_display_settings           [   0.12704] color: 32 (rgba 8880), depth: 24, stencil: 8, acc: 0000, samples: 7/1
display  D   display_settings.c:527  _al_score_display_settings       [   0.12707] Score is : 713
display  D   display_settings.c:212  debug_display_settings           [   0.12710] color: 32 (rgba 8880), depth: 24, stencil: 8, acc: 0000, samples: 8/1
display  D   display_settings.c:527  _al_score_display_settings       [   0.12713] Score is : 712
display  D   display_settings.c:212  debug_display_settings           [   0.12717] color: 32 (rgba 8880), depth: 24, stencil: 0, acc: 0000, samples: 0/0
display  D   display_settings.c:527  _al_score_display_settings       [   0.12721] Score is : 897
display  D   display_settings.c:212  debug_display_settings           [   0.12723] color: 32 (rgba 8880), depth: 24, stencil: 0, acc: 0000, samples: 0/0
display  D   display_settings.c:527  _al_score_display_settings       [   0.12726] Score is : 897
display  D   display_settings.c:212  debug_display_settings           [   0.12729] color: 32 (rgba 8880), depth: 24, stencil: 0, acc: 0000, samples: 2/1
display  D   display_settings.c:527  _al_score_display_settings       [   0.12734] Score is : 726
display  D   display_settings.c:212  debug_display_settings           [   0.12737] color: 32 (rgba 8880), depth: 24, stencil: 0, acc: 0000, samples: 3/1
display  D   display_settings.c:527  _al_score_display_settings       [   0.12740] Score is : 721
display  D   display_settings.c:212  debug_display_settings           [   0.12742] color: 32 (rgba 8880), depth: 24, stencil: 0, acc: 0000, samples: 4/1
display  D   display_settings.c:527  _al_score_display_settings       [   0.12745] Score is : 717
display  D   display_settings.c:212  debug_display_settings           [   0.12747] color: 32 (rgba 8880), depth: 24, stencil: 0, acc: 0000, samples: 5/1
display  D   display_settings.c:527  _al_score_display_settings       [   0.12750] Score is : 715
display  D   display_settings.c:212  debug_display_settings           [   0.12753] color: 32 (rgba 8880), depth: 24, stencil: 0, acc: 0000, samples: 6/1
display  D   display_settings.c:527  _al_score_display_settings       [   0.12756] Score is : 714
display  D   display_settings.c:212  debug_display_settings           [   0.12758] color: 32 (rgba 8880), depth: 24, stencil: 0, acc: 0000, samples: 7/1
display  D   display_settings.c:527  _al_score_display_settings       [   0.12761] Score is : 713
display  D   display_settings.c:212  debug_display_settings           [   0.12763] color: 32 (rgba 8880), depth: 24, stencil: 0, acc: 0000, samples: 8/1
display  D   display_settings.c:527  _al_score_display_settings       [   0.12766] Score is : 712
display  D   display_settings.c:212  debug_display_settings           [   0.12768] color: 32 (rgba 8880), depth: 16, stencil: 0, acc: 0000, samples: 0/0
display  D   display_settings.c:527  _al_score_display_settings       [   0.12771] Score is : 897
display  D   display_settings.c:212  debug_display_settings           [   0.12774] color: 32 (rgba 8880), depth: 16, stencil: 0, acc: 0000, samples: 0/0
display  D   display_settings.c:527  _al_score_display_settings       [   0.12776] Score is : 897
display  D   display_settings.c:212  debug_display_settings           [   0.12779] color: 32 (rgba 8880), depth: 16, stencil: 0, acc: 0000, samples: 2/1
display  D   display_settings.c:527  _al_score_display_settings       [   0.12782] Score is : 726
display  D   display_settings.c:212  debug_display_settings           [   0.12784] color: 32 (rgba 8880), depth: 16, stencil: 0, acc: 0000, samples: 3/1
display  D   display_settings.c:527  _al_score_display_settings       [   0.12787] Score is : 721
display  D   display_settings.c:212  debug_display_settings           [   0.12789] color: 32 (rgba 8880), depth: 16, stencil: 0, acc: 0000, samples: 4/1
display  D   display_settings.c:527  _al_score_display_settings       [   0.12792] Score is : 717
display  D   display_settings.c:212  debug_display_settings           [   0.12794] color: 32 (rgba 8880), depth: 16, stencil: 0, acc: 0000, samples: 5/1
display  D   display_settings.c:527  _al_score_display_settings       [   0.12797] Score is : 715
display  D   display_settings.c:212  debug_display_settings           [   0.12800] color: 32 (rgba 8880), depth: 16, stencil: 0, acc: 0000, samples: 6/1
display  D   display_settings.c:527  _al_score_display_settings       [   0.12803] Score is : 714
display  D   display_settings.c:212  debug_display_settings           [   0.12805] color: 32 (rgba 8880), depth: 16, stencil: 0, acc: 0000, samples: 7/1
display  D   display_settings.c:527  _al_score_display_settings       [   0.12808] Score is : 713
display  D   display_settings.c:212  debug_display_settings           [   0.12810] color: 32 (rgba 8880), depth: 16, stencil: 0, acc: 0000, samples: 8/1
display  D   display_settings.c:527  _al_score_display_settings       [   0.12814] Score is : 712
display  D   display_settings.c:212  debug_display_settings           [   0.12819] color: 16 (rgba 5650), depth: 0, stencil: 0, acc: 0000, samples: 0/0
display  D   display_settings.c:527  _al_score_display_settings       [   0.12823] Score is : 897
display  D   display_settings.c:212  debug_display_settings           [   0.12825] color: 16 (rgba 5650), depth: 0, stencil: 0, acc: 0000, samples: 0/0
display  D   display_settings.c:527  _al_score_display_settings       [   0.12828] Score is : 897
display  D   display_settings.c:212  debug_display_settings           [   0.12831] color: 16 (rgba 5650), depth: 0, stencil: 0, acc: 0000, samples: 2/1
display  D   display_settings.c:527  _al_score_display_settings       [   0.12834] Score is : 726
display  D   display_settings.c:212  debug_display_settings           [   0.12836] color: 16 (rgba 5650), depth: 0, stencil: 0, acc: 0000, samples: 3/1
display  D   display_settings.c:527  _al_score_display_settings       [   0.12839] Score is : 721
display  D   display_settings.c:212  debug_display_settings           [   0.12841] color: 16 (rgba 5650), depth: 0, stencil: 0, acc: 0000, samples: 4/1
display  D   display_settings.c:527  _al_score_display_settings       [   0.12844] Score is : 717
display  D   display_settings.c:212  debug_display_settings           [   0.12846] color: 16 (rgba 5650), depth: 0, stencil: 0, acc: 0000, samples: 5/1
display  D   display_settings.c:527  _al_score_display_settings       [   0.12849] Score is : 715
display  D   display_settings.c:212  debug_display_settings           [   0.12851] color: 16 (rgba 5650), depth: 0, stencil: 0, acc: 0000, samples: 6/1
display  D   display_settings.c:527  _al_score_display_settings       [   0.12854] Score is : 714
display  D   display_settings.c:212  debug_display_settings           [   0.12857] color: 16 (rgba 5650), depth: 0, stencil: 0, acc: 0000, samples: 7/1
display  D   display_settings.c:527  _al_score_display_settings       [   0.12860] Score is : 713
display  D   display_settings.c:212  debug_display_settings           [   0.12862] color: 16 (rgba 5650), depth: 0, stencil: 0, acc: 0000, samples: 8/1
display  D   display_settings.c:527  _al_score_display_settings       [   0.12865] Score is : 712
display  D   display_settings.c:212  debug_display_settings           [   0.12867] color: 16 (rgba 5650), depth: 24, stencil: 8, acc: 0000, samples: 0/0
display  D   display_settings.c:527  _al_score_display_settings       [   0.12870] Score is : 897
display  D   display_settings.c:212  debug_display_settings           [   0.12872] color: 16 (rgba 5650), depth: 24, stencil: 8, acc: 0000, samples: 0/0
display  D   display_settings.c:527  _al_score_display_settings       [   0.12875] Score is : 897
display  D   display_settings.c:212  debug_display_settings           [   0.12877] color: 16 (rgba 5650), depth: 24, stencil: 8, acc: 0000, samples: 2/1
display  D   display_settings.c:527  _al_score_display_settings       [   0.12880] Score is : 726
display  D   display_settings.c:212  debug_display_settings           [   0.12882] color: 16 (rgba 5650), depth: 24, stencil: 8, acc: 0000, samples: 3/1
display  D   display_settings.c:527  _al_score_display_settings       [   0.12885] Score is : 721
display  D   display_settings.c:212  debug_display_settings           [   0.12888] color: 16 (rgba 5650), depth: 24, stencil: 8, acc: 0000, samples: 4/1
display  D   display_settings.c:527  _al_score_display_settings       [   0.12891] Score is : 717
display  D   display_settings.c:212  debug_display_settings           [   0.12893] color: 16 (rgba 5650), depth: 24, stencil: 8, acc: 0000, samples: 5/1
display  D   display_settings.c:527  _al_score_display_settings       [   0.12896] Score is : 715
display  D   display_settings.c:212  debug_display_settings           [   0.12898] color: 16 (rgba 5650), depth: 24, stencil: 8, acc: 0000, samples: 6/1
display  D   display_settings.c:527  _al_score_display_settings       [   0.12901] Score is : 714
display  D   display_settings.c:212  debug_display_settings           [   0.12903] color: 16 (rgba 5650), depth: 24, stencil: 8, acc: 0000, samples: 7/1
display  D   display_settings.c:527  _al_score_display_settings       [   0.12906] Score is : 713
display  D   display_settings.c:212  debug_display_settings           [   0.12911] color: 16 (rgba 5650), depth: 24, stencil: 8, acc: 0000, samples: 8/1
display  D   display_settings.c:527  _al_score_display_settings       [   0.12917] Score is : 712
display  D   display_settings.c:212  debug_display_settings           [   0.12920] color: 16 (rgba 5650), depth: 24, stencil: 0, acc: 0000, samples: 0/0
display  D   display_settings.c:527  _al_score_display_settings       [   0.12923] Score is : 897
display  D   display_settings.c:212  debug_display_settings           [   0.12926] color: 16 (rgba 5650), depth: 24, stencil: 0, acc: 0000, samples: 0/0
display  D   display_settings.c:527  _al_score_display_settings       [   0.12929] Score is : 897
display  D   display_settings.c:212  debug_display_settings           [   0.12931] color: 16 (rgba 5650), depth: 24, stencil: 0, acc: 0000, samples: 2/1
display  D   display_settings.c:527  _al_score_display_settings       [   0.12934] Score is : 726
display  D   display_settings.c:212  debug_display_settings           [   0.12936] color: 16 (rgba 5650), depth: 24, stencil: 0, acc: 0000, samples: 3/1
display  D   display_settings.c:527  _al_score_display_settings       [   0.12939] Score is : 721
display  D   display_settings.c:212  debug_display_settings           [   0.12942] color: 16 (rgba 5650), depth: 24, stencil: 0, acc: 0000, samples: 4/1
display  D   display_settings.c:527  _al_score_display_settings       [   0.12945] Score is : 717
display  D   display_settings.c:212  debug_display_settings           [   0.12947] color: 16 (rgba 5650), depth: 24, stencil: 0, acc: 0000, samples: 5/1
display  D   display_settings.c:527  _al_score_display_settings       [   0.12950] Score is : 715
display  D   display_settings.c:212  debug_display_settings           [   0.12953] color: 16 (rgba 5650), depth: 24, stencil: 0, acc: 0000, samples: 6/1
display  D   display_settings.c:527  _al_score_display_settings       [   0.12956] Score is : 714
display  D   display_settings.c:212  debug_display_settings           [   0.12958] color: 16 (rgba 5650), depth: 24, stencil: 0, acc: 0000, samples: 7/1
display  D   display_settings.c:527  _al_score_display_settings       [   0.12961] Score is : 713
display  D   display_settings.c:212  debug_display_settings           [   0.12963] color: 16 (rgba 5650), depth: 24, stencil: 0, acc: 0000, samples: 8/1
display  D   display_settings.c:527  _al_score_display_settings       [   0.12966] Score is : 712
display  D   display_settings.c:212  debug_display_settings           [   0.12969] color: 16 (rgba 5650), depth: 16, stencil: 0, acc: 0000, samples: 0/0
display  D   display_settings.c:527  _al_score_display_settings       [   0.12972] Score is : 897
display  D   display_settings.c:212  debug_display_settings           [   0.12974] color: 16 (rgba 5650), depth: 16, stencil: 0, acc: 0000, samples: 0/0
display  D   display_settings.c:527  _al_score_display_settings       [   0.12977] Score is : 897
display  D   display_settings.c:212  debug_display_settings           [   0.12979] color: 16 (rgba 5650), depth: 16, stencil: 0, acc: 0000, samples: 2/1
display  D   display_settings.c:527  _al_score_display_settings       [   0.12982] Score is : 726
display  D   display_settings.c:212  debug_display_settings           [   0.12985] color: 16 (rgba 5650), depth: 16, stencil: 0, acc: 0000, samples: 3/1
display  D   display_settings.c:527  _al_score_display_settings       [   0.12988] Score is : 721
display  D   display_settings.c:212  debug_display_settings           [   0.12990] color: 16 (rgba 5650), depth: 16, stencil: 0, acc: 0000, samples: 4/1
display  D   display_settings.c:527  _al_score_display_settings       [   0.12993] Score is : 717
display  D   display_settings.c:212  debug_display_settings           [   0.12995] color: 16 (rgba 5650), depth: 16, stencil: 0, acc: 0000, samples: 5/1
display  D   display_settings.c:527  _al_score_display_settings       [   0.12998] Score is : 715
display  D   display_settings.c:212  debug_display_settings           [   0.13001] color: 16 (rgba 5650), depth: 16, stencil: 0, acc: 0000, samples: 6/1
display  D   display_settings.c:527  _al_score_display_settings       [   0.13008] Score is : 714
display  D   display_settings.c:212  debug_display_settings           [   0.13010] color: 16 (rgba 5650), depth: 16, stencil: 0, acc: 0000, samples: 7/1
display  D   display_settings.c:527  _al_score_display_settings       [   0.13014] Score is : 713
display  D   display_settings.c:212  debug_display_settings           [   0.13018] color: 16 (rgba 5650), depth: 16, stencil: 0, acc: 0000, samples: 8/1
display  D   display_settings.c:527  _al_score_display_settings       [   0.13021] Score is : 712
display  D   display_settings.c:212  debug_display_settings           [   0.13023] color: 32 (rgba 8880), depth: 0, stencil: 0, acc: 0000, samples: 0/0
display  D   display_settings.c:398  _al_score_display_settings       [   0.13026] Single Buffer requirement not met.
display  D   display_settings.c:212  debug_display_settings           [   0.13029] color: 32 (rgba 8880), depth: 0, stencil: 0, acc: 0000, samples: 0/0
display  D   display_settings.c:398  _al_score_display_settings       [   0.13032] Single Buffer requirement not met.
display  D   display_settings.c:212  debug_display_settings           [   0.13034] color: 32 (rgba 8880), depth: 0, stencil: 0, acc: 0000, samples: 2/1
display  D   display_settings.c:398  _al_score_display_settings       [   0.13037] Single Buffer requirement not met.
display  D   display_settings.c:212  debug_display_settings           [   0.13040] color: 32 (rgba 8880), depth: 0, stencil: 0, acc: 0000, samples: 3/1
display  D   display_settings.c:398  _al_score_display_settings       [   0.13043] Single Buffer requirement not met.
display  D   display_settings.c:212  debug_display_settings           [   0.13045] color: 32 (rgba 8880), depth: 0, stencil: 0, acc: 0000, samples: 4/1
display  D   display_settings.c:398  _al_score_display_settings       [   0.13048] Single Buffer requirement not met.
display  D   display_settings.c:212  debug_display_settings           [   0.13050] color: 32 (rgba 8880), depth: 0, stencil: 0, acc: 0000, samples: 5/1
display  D   display_settings.c:398  _al_score_display_settings       [   0.13053] Single Buffer requirement not met.
display  D   display_settings.c:212  debug_display_settings           [   0.13056] color: 32 (rgba 8880), depth: 0, stencil: 0, acc: 0000, samples: 6/1
display  D   display_settings.c:398  _al_score_display_settings       [   0.13059] Single Buffer requirement not met.
display  D   display_settings.c:212  debug_display_settings           [   0.13061] color: 32 (rgba 8880), depth: 0, stencil: 0, acc: 0000, samples: 7/1
display  D   display_settings.c:398  _al_score_display_settings       [   0.13064] Single Buffer requirement not met.
display  D   display_settings.c:212  debug_display_settings           [   0.13067] color: 32 (rgba 8880), depth: 0, stencil: 0, acc: 0000, samples: 8/1
display  D   display_settings.c:398  _al_score_display_settings       [   0.13070] Single Buffer requirement not met.
display  D   display_settings.c:212  debug_display_settings           [   0.13072] color: 32 (rgba 8880), depth: 24, stencil: 8, acc: 0000, samples: 0/0
display  D   display_settings.c:398  _al_score_display_settings       [   0.13075] Single Buffer requirement not met.
display  D   display_settings.c:212  debug_display_settings           [   0.13078] color: 32 (rgba 8880), depth: 24, stencil: 8, acc: 0000, samples: 0/0
display  D   display_settings.c:398  _al_score_display_settings       [   0.13081] Single Buffer requirement not met.
display  D   display_settings.c:212  debug_display_settings           [   0.13083] color: 32 (rgba 8880), depth: 24, stencil: 8, acc: 0000, samples: 2/1
display  D   display_settings.c:398  _al_score_display_settings       [   0.13086] Single Buffer requirement not met.
display  D   display_settings.c:212  debug_display_settings           [   0.13089] color: 32 (rgba 8880), depth: 24, stencil: 8, acc: 0000, samples: 3/1
display  D   display_settings.c:398  _al_score_display_settings       [   0.13092] Single Buffer requirement not met.
display  D   display_settings.c:212  debug_display_settings           [   0.13095] color: 32 (rgba 8880), depth: 24, stencil: 8, acc: 0000, samples: 4/1
display  D   display_settings.c:398  _al_score_display_settings       [   0.13098] Single Buffer requirement not met.
display  D   display_settings.c:212  debug_display_settings           [   0.13100] color: 32 (rgba 8880), depth: 24, stencil: 8, acc: 0000, samples: 5/1
display  D   display_settings.c:398  _al_score_display_settings       [   0.13103] Single Buffer requirement not met.
display  D   display_settings.c:212  debug_display_settings           [   0.13106] color: 32 (rgba 8880), depth: 24, stencil: 8, acc: 0000, samples: 6/1
display  D   display_settings.c:398  _al_score_display_settings       [   0.13109] Single Buffer requirement not met.
display  D   display_settings.c:212  debug_display_settings           [   0.13111] color: 32 (rgba 8880), depth: 24, stencil: 8, acc: 0000, samples: 7/1
display  D   display_settings.c:398  _al_score_display_settings       [   0.13115] Single Buffer requirement not met.
display  D   display_settings.c:212  debug_display_settings           [   0.13120] color: 32 (rgba 8880), depth: 24, stencil: 8, acc: 0000, samples: 8/1
display  D   display_settings.c:398  _al_score_display_settings       [   0.13123] Single Buffer requirement not met.
display  D   display_settings.c:212  debug_display_settings           [   0.13126] color: 32 (rgba 8880), depth: 24, stencil: 0, acc: 0000, samples: 0/0
display  D   display_settings.c:398  _al_score_display_settings       [   0.13129] Single Buffer requirement not met.
display  D   display_settings.c:212  debug_display_settings           [   0.13132] color: 32 (rgba 8880), depth: 24, stencil: 0, acc: 0000, samples: 0/0
display  D   display_settings.c:398  _al_score_display_settings       [   0.13135] Single Buffer requirement not met.
display  D   display_settings.c:212  debug_display_settings           [   0.13137] color: 32 (rgba 8880), depth: 24, stencil: 0, acc: 0000, samples: 2/1
display  D   display_settings.c:398  _al_score_display_settings       [   0.13141] Single Buffer requirement not met.
display  D   display_settings.c:212  debug_display_settings           [   0.13143] color: 32 (rgba 8880), depth: 24, stencil: 0, acc: 0000, samples: 3/1
display  D   display_settings.c:398  _al_score_display_settings       [   0.13146] Single Buffer requirement not met.
display  D   display_settings.c:212  debug_display_settings           [   0.13149] color: 32 (rgba 8880), depth: 24, stencil: 0, acc: 0000, samples: 4/1
display  D   display_settings.c:398  _al_score_display_settings       [   0.13152] Single Buffer requirement not met.
display  D   display_settings.c:212  debug_display_settings           [   0.13154] color: 32 (rgba 8880), depth: 24, stencil: 0, acc: 0000, samples: 5/1
display  D   display_settings.c:398  _al_score_display_settings       [   0.13157] Single Buffer requirement not met.
display  D   display_settings.c:212  debug_display_settings           [   0.13160] color: 32 (rgba 8880), depth: 24, stencil: 0, acc: 0000, samples: 6/1
display  D   display_settings.c:398  _al_score_display_settings       [   0.13163] Single Buffer requirement not met.
display  D   display_settings.c:212  debug_display_settings           [   0.13165] color: 32 (rgba 8880), depth: 24, stencil: 0, acc: 0000, samples: 7/1
display  D   display_settings.c:398  _al_score_display_settings       [   0.13168] Single Buffer requirement not met.
display  D   display_settings.c:212  debug_display_settings           [   0.13171] color: 32 (rgba 8880), depth: 24, stencil: 0, acc: 0000, samples: 8/1
display  D   display_settings.c:398  _al_score_display_settings       [   0.13174] Single Buffer requirement not met.
display  D   display_settings.c:212  debug_display_settings           [   0.13176] color: 32 (rgba 8880), depth: 16, stencil: 0, acc: 0000, samples: 0/0
display  D   display_settings.c:398  _al_score_display_settings       [   0.13179] Single Buffer requirement not met.
display  D   display_settings.c:212  debug_display_settings           [   0.13182] color: 32 (rgba 8880), depth: 16, stencil: 0, acc: 0000, samples: 0/0
display  D   display_settings.c:398  _al_score_display_settings       [   0.13185] Single Buffer requirement not met.
display  D   display_settings.c:212  debug_display_settings           [   0.13187] color: 32 (rgba 8880), depth: 16, stencil: 0, acc: 0000, samples: 2/1
display  D   display_settings.c:398  _al_score_display_settings       [   0.13190] Single Buffer requirement not met.
display  D   display_settings.c:212  debug_display_settings           [   0.13193] color: 32 (rgba 8880), depth: 16, stencil: 0, acc: 0000, samples: 3/1
display  D   display_settings.c:398  _al_score_display_settings       [   0.13196] Single Buffer requirement not met.
display  D   display_settings.c:212  debug_display_settings           [   0.13198] color: 32 (rgba 8880), depth: 16, stencil: 0, acc: 0000, samples: 4/1
display  D   display_settings.c:398  _al_score_display_settings       [   0.13201] Single Buffer requirement not met.
display  D   display_settings.c:212  debug_display_settings           [   0.13204] color: 32 (rgba 8880), depth: 16, stencil: 0, acc: 0000, samples: 5/1
display  D   display_settings.c:398  _al_score_display_settings       [   0.13207] Single Buffer requirement not met.
display  D   display_settings.c:212  debug_display_settings           [   0.13209] color: 32 (rgba 8880), depth: 16, stencil: 0, acc: 0000, samples: 6/1
display  D   display_settings.c:398  _al_score_display_settings       [   0.13212] Single Buffer requirement not met.
display  D   display_settings.c:212  debug_display_settings           [   0.13217] color: 32 (rgba 8880), depth: 16, stencil: 0, acc: 0000, samples: 7/1
display  D   display_settings.c:398  _al_score_display_settings       [   0.13220] Single Buffer requirement not met.
display  D   display_settings.c:212  debug_display_settings           [   0.13223] color: 32 (rgba 8880), depth: 16, stencil: 0, acc: 0000, samples: 8/1
display  D   display_settings.c:398  _al_score_display_settings       [   0.13226] Single Buffer requirement not met.
display  D   display_settings.c:212  debug_display_settings           [   0.13228] color: 16 (rgba 5650), depth: 0, stencil: 0, acc: 0000, samples: 0/0
display  D   display_settings.c:398  _al_score_display_settings       [   0.13231] Single Buffer requirement not met.
display  D   display_settings.c:212  debug_display_settings           [   0.13234] color: 16 (rgba 5650), depth: 0, stencil: 0, acc: 0000, samples: 0/0
display  D   display_settings.c:398  _al_score_display_settings       [   0.13237] Single Buffer requirement not met.
display  D   display_settings.c:212  debug_display_settings           [   0.13239] color: 16 (rgba 5650), depth: 0, stencil: 0, acc: 0000, samples: 2/1
display  D   display_settings.c:398  _al_score_display_settings       [   0.13242] Single Buffer requirement not met.
display  D   display_settings.c:212  debug_display_settings           [   0.13245] color: 16 (rgba 5650), depth: 0, stencil: 0, acc: 0000, samples: 3/1
display  D   display_settings.c:398  _al_score_display_settings       [   0.13248] Single Buffer requirement not met.
display  D   display_settings.c:212  debug_display_settings           [   0.13250] color: 16 (rgba 5650), depth: 0, stencil: 0, acc: 0000, samples: 4/1
display  D   display_settings.c:398  _al_score_display_settings       [   0.13253] Single Buffer requirement not met.
display  D   display_settings.c:212  debug_display_settings           [   0.13256] color: 16 (rgba 5650), depth: 0, stencil: 0, acc: 0000, samples: 5/1
display  D   display_settings.c:398  _al_score_display_settings       [   0.13259] Single Buffer requirement not met.
display  D   display_settings.c:212  debug_display_settings           [   0.13261] color: 16 (rgba 5650), depth: 0, stencil: 0, acc: 0000, samples: 6/1
display  D   display_settings.c:398  _al_score_display_settings       [   0.13264] Single Buffer requirement not met.
display  D   display_settings.c:212  debug_display_settings           [   0.13267] color: 16 (rgba 5650), depth: 0, stencil: 0, acc: 0000, samples: 7/1
display  D   display_settings.c:398  _al_score_display_settings       [   0.13270] Single Buffer requirement not met.
display  D   display_settings.c:212  debug_display_settings           [   0.13272] color: 16 (rgba 5650), depth: 0, stencil: 0, acc: 0000, samples: 8/1
display  D   display_settings.c:398  _al_score_display_settings       [   0.13275] Single Buffer requirement not met.
display  D   display_settings.c:212  debug_display_settings           [   0.13278] color: 16 (rgba 5650), depth: 24, stencil: 8, acc: 0000, samples: 0/0
display  D   display_settings.c:398  _al_score_display_settings       [   0.13281] Single Buffer requirement not met.
display  D   display_settings.c:212  debug_display_settings           [   0.13284] color: 16 (rgba 5650), depth: 24, stencil: 8, acc: 0000, samples: 0/0
display  D   display_settings.c:398  _al_score_display_settings       [   0.13287] Single Buffer requirement not met.
display  D   display_settings.c:212  debug_display_settings           [   0.13289] color: 16 (rgba 5650), depth: 24, stencil: 8, acc: 0000, samples: 2/1
display  D   display_settings.c:398  _al_score_display_settings       [   0.13292] Single Buffer requirement not met.
display  D   display_settings.c:212  debug_display_settings           [   0.13294] color: 16 (rgba 5650), depth: 24, stencil: 8, acc: 0000, samples: 3/1
display  D   display_settings.c:398  _al_score_display_settings       [   0.13297] Single Buffer requirement not met.
display  D   display_settings.c:212  debug_display_settings           [   0.13300] color: 16 (rgba 5650), depth: 24, stencil: 8, acc: 0000, samples: 4/1
display  D   display_settings.c:398  _al_score_display_settings       [   0.13303] Single Buffer requirement not met.
display  D   display_settings.c:212  debug_display_settings           [   0.13305] color: 16 (rgba 5650), depth: 24, stencil: 8, acc: 0000, samples: 5/1
display  D   display_settings.c:398  _al_score_display_settings       [   0.13308] Single Buffer requirement not met.
display  D   display_settings.c:212  debug_display_settings           [   0.13311] color: 16 (rgba 5650), depth: 24, stencil: 8, acc: 0000, samples: 6/1
display  D   display_settings.c:398  _al_score_display_settings       [   0.13315] Single Buffer requirement not met.
display  D   display_settings.c:212  debug_display_settings           [   0.13319] color: 16 (rgba 5650), depth: 24, stencil: 8, acc: 0000, samples: 7/1
display  D   display_settings.c:398  _al_score_display_settings       [   0.13321] Single Buffer requirement not met.
display  D   display_settings.c:212  debug_display_settings           [   0.13324] color: 16 (rgba 5650), depth: 24, stencil: 8, acc: 0000, samples: 8/1
display  D   display_settings.c:398  _al_score_display_settings       [   0.13327] Single Buffer requirement not met.
display  D   display_settings.c:212  debug_display_settings           [   0.13329] color: 16 (rgba 5650), depth: 24, stencil: 0, acc: 0000, samples: 0/0
display  D   display_settings.c:398  _al_score_display_settings       [   0.13333] Single Buffer requirement not met.
display  D   display_settings.c:212  debug_display_settings           [   0.13335] color: 16 (rgba 5650), depth: 24, stencil: 0, acc: 0000, samples: 0/0
display  D   display_settings.c:398  _al_score_display_settings       [   0.13338] Single Buffer requirement not met.
display  D   display_settings.c:212  debug_display_settings           [   0.13340] color: 16 (rgba 5650), depth: 24, stencil: 0, acc: 0000, samples: 2/1
display  D   display_settings.c:398  _al_score_display_settings       [   0.13343] Single Buffer requirement not met.
display  D   display_settings.c:212  debug_display_settings           [   0.13346] color: 16 (rgba 5650), depth: 24, stencil: 0, acc: 0000, samples: 3/1
display  D   display_settings.c:398  _al_score_display_settings       [   0.13349] Single Buffer requirement not met.
display  D   display_settings.c:212  debug_display_settings           [   0.13352] color: 16 (rgba 5650), depth: 24, stencil: 0, acc: 0000, samples: 4/1
display  D   display_settings.c:398  _al_score_display_settings       [   0.13355] Single Buffer requirement not met.
display  D   display_settings.c:212  debug_display_settings           [   0.13357] color: 16 (rgba 5650), depth: 24, stencil: 0, acc: 0000, samples: 5/1
display  D   display_settings.c:398  _al_score_display_settings       [   0.13360] Single Buffer requirement not met.
display  D   display_settings.c:212  debug_display_settings           [   0.13363] color: 16 (rgba 5650), depth: 24, stencil: 0, acc: 0000, samples: 6/1
display  D   display_settings.c:398  _al_score_display_settings       [   0.13367] Single Buffer requirement not met.
display  D   display_settings.c:212  debug_display_settings           [   0.13373] color: 16 (rgba 5650), depth: 24, stencil: 0, acc: 0000, samples: 7/1
display  D   display_settings.c:398  _al_score_display_settings       [   0.13377] Single Buffer requirement not met.
display  D   display_settings.c:212  debug_display_settings           [   0.13380] color: 16 (rgba 5650), depth: 24, stencil: 0, acc: 0000, samples: 8/1
display  D   display_settings.c:398  _al_score_display_settings       [   0.13383] Single Buffer requirement not met.
display  D   display_settings.c:212  debug_display_settings           [   0.13385] color: 16 (rgba 5650), depth: 16, stencil: 0, acc: 0000, samples: 0/0
display  D   display_settings.c:398  _al_score_display_settings       [   0.13389] Single Buffer requirement not met.
display  D   display_settings.c:212  debug_display_settings           [   0.13392] color: 16 (rgba 5650), depth: 16, stencil: 0, acc: 0000, samples: 0/0
display  D   display_settings.c:398  _al_score_display_settings       [   0.13401] Single Buffer requirement not met.
display  D   display_settings.c:212  debug_display_settings           [   0.13405] color: 16 (rgba 5650), depth: 16, stencil: 0, acc: 0000, samples: 2/1
display  D   display_settings.c:398  _al_score_display_settings       [   0.13408] Single Buffer requirement not met.
display  D   display_settings.c:212  debug_display_settings           [   0.13410] color: 16 (rgba 5650), depth: 16, stencil: 0, acc: 0000, samples: 3/1
display  D   display_settings.c:398  _al_score_display_settings       [   0.13415] Single Buffer requirement not met.
display  D   display_settings.c:212  debug_display_settings           [   0.13418] color: 16 (rgba 5650), depth: 16, stencil: 0, acc: 0000, samples: 4/1
display  D   display_settings.c:398  _al_score_display_settings       [   0.13421] Single Buffer requirement not met.
display  D   display_settings.c:212  debug_display_settings           [   0.13424] color: 16 (rgba 5650), depth: 16, stencil: 0, acc: 0000, samples: 5/1
display  D   display_settings.c:398  _al_score_display_settings       [   0.13427] Single Buffer requirement not met.
display  D   display_settings.c:212  debug_display_settings           [   0.13430] color: 16 (rgba 5650), depth: 16, stencil: 0, acc: 0000, samples: 6/1
display  D   display_settings.c:398  _al_score_display_settings       [   0.13434] Single Buffer requirement not met.
display  D   display_settings.c:212  debug_display_settings           [   0.13438] color: 16 (rgba 5650), depth: 16, stencil: 0, acc: 0000, samples: 7/1
display  D   display_settings.c:398  _al_score_display_settings       [   0.13442] Single Buffer requirement not met.
display  D   display_settings.c:212  debug_display_settings           [   0.13444] color: 16 (rgba 5650), depth: 16, stencil: 0, acc: 0000, samples: 8/1
display  D   display_settings.c:398  _al_score_display_settings       [   0.13448] Single Buffer requirement not met.
display  D   display_settings.c:212  debug_display_settings           [   0.13456] color: 32 (rgba 8880), depth: 0, stencil: 0, acc: 0000, samples: 0/0
display  D   display_settings.c:527  _al_score_display_settings       [   0.13463] Score is : 769
display  D   display_settings.c:212  debug_display_settings           [   0.13466] color: 32 (rgba 8880), depth: 0, stencil: 0, acc: 0000, samples: 0/0
display  D   display_settings.c:527  _al_score_display_settings       [   0.13473] Score is : 769
display  D   display_settings.c:212  debug_display_settings           [   0.13477] color: 32 (rgba 8880), depth: 0, stencil: 0, acc: 0000, samples: 2/1
display  D   display_settings.c:527  _al_score_display_settings       [   0.13481] Score is : 598
display  D   display_settings.c:212  debug_display_settings           [   0.13484] color: 32 (rgba 8880), depth: 0, stencil: 0, acc: 0000, samples: 3/1
display  D   display_settings.c:527  _al_score_display_settings       [   0.13488] Score is : 593
display  D   display_settings.c:212  debug_display_settings           [   0.13491] color: 32 (rgba 8880), depth: 0, stencil: 0, acc: 0000, samples: 4/1
display  D   display_settings.c:527  _al_score_display_settings       [   0.13493] Score is : 589
display  D   display_settings.c:212  debug_display_settings           [   0.13496] color: 32 (rgba 8880), depth: 0, stencil: 0, acc: 0000, samples: 5/1
display  D   display_settings.c:527  _al_score_display_settings       [   0.13499] Score is : 587
display  D   display_settings.c:212  debug_display_settings           [   0.13501] color: 32 (rgba 8880), depth: 0, stencil: 0, acc: 0000, samples: 6/1
display  D   display_settings.c:527  _al_score_display_settings       [   0.13504] Score is : 586
display  D   display_settings.c:212  debug_display_settings           [   0.13506] color: 32 (rgba 8880), depth: 0, stencil: 0, acc: 0000, samples: 7/1
display  D   display_settings.c:527  _al_score_display_settings       [   0.13509] Score is : 585
display  D   display_settings.c:212  debug_display_settings           [   0.13511] color: 32 (rgba 8880), depth: 0, stencil: 0, acc: 0000, samples: 8/1
display  D   display_settings.c:527  _al_score_display_settings       [   0.13516] Score is : 584
display  D   display_settings.c:212  debug_display_settings           [   0.13519] color: 32 (rgba 8880), depth: 24, stencil: 8, acc: 0000, samples: 0/0
display  D   display_settings.c:527  _al_score_display_settings       [   0.13522] Score is : 769
display  D   display_settings.c:212  debug_display_settings           [   0.13524] color: 32 (rgba 8880), depth: 24, stencil: 8, acc: 0000, samples: 0/0
display  D   display_settings.c:527  _al_score_display_settings       [   0.13527] Score is : 769
display  D   display_settings.c:212  debug_display_settings           [   0.13529] color: 32 (rgba 8880), depth: 24, stencil: 8, acc: 0000, samples: 2/1
display  D   display_settings.c:527  _al_score_display_settings       [   0.13532] Score is : 598
display  D   display_settings.c:212  debug_display_settings           [   0.13534] color: 32 (rgba 8880), depth: 24, stencil: 8, acc: 0000, samples: 3/1
display  D   display_settings.c:527  _al_score_display_settings       [   0.13537] Score is : 593
display  D   display_settings.c:212  debug_display_settings           [   0.13540] color: 32 (rgba 8880), depth: 24, stencil: 8, acc: 0000, samples: 4/1
display  D   display_settings.c:527  _al_score_display_settings       [   0.13543] Score is : 589
display  D   display_settings.c:212  debug_display_settings           [   0.13546] color: 32 (rgba 8880), depth: 24, stencil: 8, acc: 0000, samples: 5/1
display  D   display_settings.c:527  _al_score_display_settings       [   0.13549] Score is : 587
display  D   display_settings.c:212  debug_display_settings           [   0.13551] color: 32 (rgba 8880), depth: 24, stencil: 8, acc: 0000, samples: 6/1
display  D   display_settings.c:527  _al_score_display_settings       [   0.13554] Score is : 586
display  D   display_settings.c:212  debug_display_settings           [   0.13557] color: 32 (rgba 8880), depth: 24, stencil: 8, acc: 0000, samples: 7/1
display  D   display_settings.c:527  _al_score_display_settings       [   0.13560] Score is : 585
display  D   display_settings.c:212  debug_display_settings           [   0.13562] color: 32 (rgba 8880), depth: 24, stencil: 8, acc: 0000, samples: 8/1
display  D   display_settings.c:527  _al_score_display_settings       [   0.13566] Score is : 584
display  D   display_settings.c:212  debug_display_settings           [   0.13569] color: 32 (rgba 8880), depth: 24, stencil: 0, acc: 0000, samples: 0/0
display  D   display_settings.c:527  _al_score_display_settings       [   0.13572] Score is : 769
display  D   display_settings.c:212  debug_display_settings           [   0.13575] color: 32 (rgba 8880), depth: 24, stencil: 0, acc: 0000, samples: 0/0
display  D   display_settings.c:527  _al_score_display_settings       [   0.13578] Score is : 769
display  D   display_settings.c:212  debug_display_settings           [   0.13580] color: 32 (rgba 8880), depth: 24, stencil: 0, acc: 0000, samples: 2/1
display  D   display_settings.c:527  _al_score_display_settings       [   0.13583] Score is : 598
display  D   display_settings.c:212  debug_display_settings           [   0.13586] color: 32 (rgba 8880), depth: 24, stencil: 0, acc: 0000, samples: 3/1
display  D   display_settings.c:527  _al_score_display_settings       [   0.13589] Score is : 593
display  D   display_settings.c:212  debug_display_settings           [   0.13591] color: 32 (rgba 8880), depth: 24, stencil: 0, acc: 0000, samples: 4/1
display  D   display_settings.c:527  _al_score_display_settings       [   0.13594] Score is : 589
display  D   display_settings.c:212  debug_display_settings           [   0.13597] color: 32 (rgba 8880), depth: 24, stencil: 0, acc: 0000, samples: 5/1
display  D   display_settings.c:527  _al_score_display_settings       [   0.13600] Score is : 587
display  D   display_settings.c:212  debug_display_settings           [   0.13602] color: 32 (rgba 8880), depth: 24, stencil: 0, acc: 0000, samples: 6/1
display  D   display_settings.c:527  _al_score_display_settings       [   0.13606] Score is : 586
display  D   display_settings.c:212  debug_display_settings           [   0.13609] color: 32 (rgba 8880), depth: 24, stencil: 0, acc: 0000, samples: 7/1
display  D   display_settings.c:527  _al_score_display_settings       [   0.13612] Score is : 585
display  D   display_settings.c:212  debug_display_settings           [   0.13616] color: 32 (rgba 8880), depth: 24, stencil: 0, acc: 0000, samples: 8/1
display  D   display_settings.c:527  _al_score_display_settings       [   0.13620] Score is : 584
display  D   display_settings.c:212  debug_display_settings           [   0.13622] color: 32 (rgba 8880), depth: 16, stencil: 0, acc: 0000, samples: 0/0
display  D   display_settings.c:527  _al_score_display_settings       [   0.13625] Score is : 769
display  D   display_settings.c:212  debug_display_settings           [   0.13628] color: 32 (rgba 8880), depth: 16, stencil: 0, acc: 0000, samples: 0/0
display  D   display_settings.c:527  _al_score_display_settings       [   0.13631] Score is : 769
display  D   display_settings.c:212  debug_display_settings           [   0.13633] color: 32 (rgba 8880), depth: 16, stencil: 0, acc: 0000, samples: 2/1
display  D   display_settings.c:527  _al_score_display_settings       [   0.13636] Score is : 598
display  D   display_settings.c:212  debug_display_settings           [   0.13639] color: 32 (rgba 8880), depth: 16, stencil: 0, acc: 0000, samples: 3/1
display  D   display_settings.c:527  _al_score_display_settings       [   0.13642] Score is : 593
display  D   display_settings.c:212  debug_display_settings           [   0.13644] color: 32 (rgba 8880), depth: 16, stencil: 0, acc: 0000, samples: 4/1
display  D   display_settings.c:527  _al_score_display_settings       [   0.13647] Score is : 589
display  D   display_settings.c:212  debug_display_settings           [   0.13649] color: 32 (rgba 8880), depth: 16, stencil: 0, acc: 0000, samples: 5/1
display  D   display_settings.c:527  _al_score_display_settings       [   0.13652] Score is : 587
display  D   display_settings.c:212  debug_display_settings           [   0.13655] color: 32 (rgba 8880), depth: 16, stencil: 0, acc: 0000, samples: 6/1
display  D   display_settings.c:527  _al_score_display_settings       [   0.13658] Score is : 586
display  D   display_settings.c:212  debug_display_settings           [   0.13660] color: 32 (rgba 8880), depth: 16, stencil: 0, acc: 0000, samples: 7/1
display  D   display_settings.c:527  _al_score_display_settings       [   0.13663] Score is : 585
display  D   display_settings.c:212  debug_display_settings           [   0.13665] color: 32 (rgba 8880), depth: 16, stencil: 0, acc: 0000, samples: 8/1
display  D   display_settings.c:527  _al_score_display_settings       [   0.13676] Score is : 584
display  D   display_settings.c:212  debug_display_settings           [   0.13678] color: 16 (rgba 5650), depth: 0, stencil: 0, acc: 0000, samples: 0/0
display  D   display_settings.c:527  _al_score_display_settings       [   0.13681] Score is : 769
display  D   display_settings.c:212  debug_display_settings           [   0.13683] color: 16 (rgba 5650), depth: 0, stencil: 0, acc: 0000, samples: 0/0
display  D   display_settings.c:527  _al_score_display_settings       [   0.13685] Score is : 769
display  D   display_settings.c:212  debug_display_settings           [   0.13688] color: 16 (rgba 5650), depth: 0, stencil: 0, acc: 0000, samples: 2/1
display  D   display_settings.c:527  _al_score_display_settings       [   0.13690] Score is : 598
display  D   display_settings.c:212  debug_display_settings           [   0.13692] color: 16 (rgba 5650), depth: 0, stencil: 0, acc: 0000, samples: 3/1
display  D   display_settings.c:527  _al_score_display_settings       [   0.13695] Score is : 593
display  D   display_settings.c:212  debug_display_settings           [   0.13697] color: 16 (rgba 5650), depth: 0, stencil: 0, acc: 0000, samples: 4/1
display  D   display_settings.c:527  _al_score_display_settings       [   0.13700] Score is : 589
display  D   display_settings.c:212  debug_display_settings           [   0.13702] color: 16 (rgba 5650), depth: 0, stencil: 0, acc: 0000, samples: 5/1
display  D   display_settings.c:527  _al_score_display_settings       [   0.13705] Score is : 587
display  D   display_settings.c:212  debug_display_settings           [   0.13707] color: 16 (rgba 5650), depth: 0, stencil: 0, acc: 0000, samples: 6/1
display  D   display_settings.c:527  _al_score_display_settings       [   0.13709] Score is : 586
display  D   display_settings.c:212  debug_display_settings           [   0.13712] color: 16 (rgba 5650), depth: 0, stencil: 0, acc: 0000, samples: 7/1
display  D   display_settings.c:527  _al_score_display_settings       [   0.13716] Score is : 585
display  D   display_settings.c:212  debug_display_settings           [   0.13719] color: 16 (rgba 5650), depth: 0, stencil: 0, acc: 0000, samples: 8/1
display  D   display_settings.c:527  _al_score_display_settings       [   0.13722] Score is : 584
display  D   display_settings.c:212  debug_display_settings           [   0.13724] color: 16 (rgba 5650), depth: 24, stencil: 8, acc: 0000, samples: 0/0
display  D   display_settings.c:527  _al_score_display_settings       [   0.13733] Score is : 769
display  D   display_settings.c:212  debug_display_settings           [   0.13735] color: 16 (rgba 5650), depth: 24, stencil: 8, acc: 0000, samples: 0/0
display  D   display_settings.c:527  _al_score_display_settings       [   0.13737] Score is : 769
display  D   display_settings.c:212  debug_display_settings           [   0.13743] color: 16 (rgba 5650), depth: 24, stencil: 8, acc: 0000, samples: 2/1
display  D   display_settings.c:527  _al_score_display_settings       [   0.13746] Score is : 598
display  D   display_settings.c:212  debug_display_settings           [   0.13749] color: 16 (rgba 5650), depth: 24, stencil: 8, acc: 0000, samples: 3/1
display  D   display_settings.c:527  _al_score_display_settings       [   0.13751] Score is : 593
display  D   display_settings.c:212  debug_display_settings           [   0.13753] color: 16 (rgba 5650), depth: 24, stencil: 8, acc: 0000, samples: 4/1
display  D   display_settings.c:527  _al_score_display_settings       [   0.13756] Score is : 589
display  D   display_settings.c:212  debug_display_settings           [   0.13758] color: 16 (rgba 5650), depth: 24, stencil: 8, acc: 0000, samples: 5/1
display  D   display_settings.c:527  _al_score_display_settings       [   0.13761] Score is : 587
display  D   display_settings.c:212  debug_display_settings           [   0.13763] color: 16 (rgba 5650), depth: 24, stencil: 8, acc: 0000, samples: 6/1
display  D   display_settings.c:527  _al_score_display_settings       [   0.13766] Score is : 586
display  D   display_settings.c:212  debug_display_settings           [   0.13768] color: 16 (rgba 5650), depth: 24, stencil: 8, acc: 0000, samples: 7/1
display  D   display_settings.c:527  _al_score_display_settings       [   0.13771] Score is : 585
display  D   display_settings.c:212  debug_display_settings           [   0.13773] color: 16 (rgba 5650), depth: 24, stencil: 8, acc: 0000, samples: 8/1
display  D   display_settings.c:527  _al_score_display_settings       [   0.13775] Score is : 584
display  D   display_settings.c:212  debug_display_settings           [   0.13778] color: 16 (rgba 5650), depth: 24, stencil: 0, acc: 0000, samples: 0/0
display  D   display_settings.c:527  _al_score_display_settings       [   0.13780] Score is : 769
display  D   display_settings.c:212  debug_display_settings           [   0.13782] color: 16 (rgba 5650), depth: 24, stencil: 0, acc: 0000, samples: 0/0
display  D   display_settings.c:527  _al_score_display_settings       [   0.13785] Score is : 769
display  D   display_settings.c:212  debug_display_settings           [   0.13787] color: 16 (rgba 5650), depth: 24, stencil: 0, acc: 0000, samples: 2/1
display  D   display_settings.c:527  _al_score_display_settings       [   0.13790] Score is : 598
display  D   display_settings.c:212  debug_display_settings           [   0.13792] color: 16 (rgba 5650), depth: 24, stencil: 0, acc: 0000, samples: 3/1
display  D   display_settings.c:527  _al_score_display_settings       [   0.13795] Score is : 593
display  D   display_settings.c:212  debug_display_settings           [   0.13797] color: 16 (rgba 5650), depth: 24, stencil: 0, acc: 0000, samples: 4/1
display  D   display_settings.c:527  _al_score_display_settings       [   0.13799] Score is : 589
display  D   display_settings.c:212  debug_display_settings           [   0.13801] color: 16 (rgba 5650), depth: 24, stencil: 0, acc: 0000, samples: 5/1
display  D   display_settings.c:527  _al_score_display_settings       [   0.13804] Score is : 587
display  D   display_settings.c:212  debug_display_settings           [   0.13806] color: 16 (rgba 5650), depth: 24, stencil: 0, acc: 0000, samples: 6/1
display  D   display_settings.c:527  _al_score_display_settings       [   0.13809] Score is : 586
display  D   display_settings.c:212  debug_display_settings           [   0.13811] color: 16 (rgba 5650), depth: 24, stencil: 0, acc: 0000, samples: 7/1
display  D   display_settings.c:527  _al_score_display_settings       [   0.13816] Score is : 585
display  D   display_settings.c:212  debug_display_settings           [   0.13819] color: 16 (rgba 5650), depth: 24, stencil: 0, acc: 0000, samples: 8/1
display  D   display_settings.c:527  _al_score_display_settings       [   0.13822] Score is : 584
display  D   display_settings.c:212  debug_display_settings           [   0.13824] color: 16 (rgba 5650), depth: 16, stencil: 0, acc: 0000, samples: 0/0
display  D   display_settings.c:527  _al_score_display_settings       [   0.13827] Score is : 769
display  D   display_settings.c:212  debug_display_settings           [   0.13829] color: 16 (rgba 5650), depth: 16, stencil: 0, acc: 0000, samples: 0/0
display  D   display_settings.c:527  _al_score_display_settings       [   0.13832] Score is : 769
display  D   display_settings.c:212  debug_display_settings           [   0.13834] color: 16 (rgba 5650), depth: 16, stencil: 0, acc: 0000, samples: 2/1
display  D   display_settings.c:527  _al_score_display_settings       [   0.13837] Score is : 598
display  D   display_settings.c:212  debug_display_settings           [   0.13839] color: 16 (rgba 5650), depth: 16, stencil: 0, acc: 0000, samples: 3/1
display  D   display_settings.c:527  _al_score_display_settings       [   0.13842] Score is : 593
display  D   display_settings.c:212  debug_display_settings           [   0.13844] color: 16 (rgba 5650), depth: 16, stencil: 0, acc: 0000, samples: 4/1
display  D   display_settings.c:527  _al_score_display_settings       [   0.13846] Score is : 589
display  D   display_settings.c:212  debug_display_settings           [   0.13848] color: 16 (rgba 5650), depth: 16, stencil: 0, acc: 0000, samples: 5/1
display  D   display_settings.c:527  _al_score_display_settings       [   0.13851] Score is : 587
display  D   display_settings.c:212  debug_display_settings           [   0.13853] color: 16 (rgba 5650), depth: 16, stencil: 0, acc: 0000, samples: 6/1
display  D   display_settings.c:527  _al_score_display_settings       [   0.13856] Score is : 586
display  D   display_settings.c:212  debug_display_settings           [   0.13858] color: 16 (rgba 5650), depth: 16, stencil: 0, acc: 0000, samples: 7/1
display  D   display_settings.c:527  _al_score_display_settings       [   0.13861] Score is : 585
display  D   display_settings.c:212  debug_display_settings           [   0.13863] color: 16 (rgba 5650), depth: 16, stencil: 0, acc: 0000, samples: 8/1
display  D   display_settings.c:527  _al_score_display_settings       [   0.13866] Score is : 584
display  D   display_settings.c:212  debug_display_settings           [   0.13868] color: 32 (rgba 8880), depth: 0, stencil: 0, acc: 0000, samples: 0/0
display  D   display_settings.c:398  _al_score_display_settings       [   0.13870] Single Buffer requirement not met.
display  D   display_settings.c:212  debug_display_settings           [   0.13873] color: 32 (rgba 8880), depth: 0, stencil: 0, acc: 0000, samples: 0/0
display  D   display_settings.c:398  _al_score_display_settings       [   0.13875] Single Buffer requirement not met.
display  D   display_settings.c:212  debug_display_settings           [   0.13877] color: 32 (rgba 8880), depth: 0, stencil: 0, acc: 0000, samples: 2/1
display  D   display_settings.c:398  _al_score_display_settings       [   0.13880] Single Buffer requirement not met.
display  D   display_settings.c:212  debug_display_settings           [   0.13882] color: 32 (rgba 8880), depth: 0, stencil: 0, acc: 0000, samples: 3/1
display  D   display_settings.c:398  _al_score_display_settings       [   0.13885] Single Buffer requirement not met.
display  D   display_settings.c:212  debug_display_settings           [   0.13887] color: 32 (rgba 8880), depth: 0, stencil: 0, acc: 0000, samples: 4/1
display  D   display_settings.c:398  _al_score_display_settings       [   0.13890] Single Buffer requirement not met.
display  D   display_settings.c:212  debug_display_settings           [   0.13892] color: 32 (rgba 8880), depth: 0, stencil: 0, acc: 0000, samples: 5/1
display  D   display_settings.c:398  _al_score_display_settings       [   0.13895] Single Buffer requirement not met.
display  D   display_settings.c:212  debug_display_settings           [   0.13897] color: 32 (rgba 8880), depth: 0, stencil: 0, acc: 0000, samples: 6/1
display  D   display_settings.c:398  _al_score_display_settings       [   0.13900] Single Buffer requirement not met.
display  D   display_settings.c:212  debug_display_settings           [   0.13902] color: 32 (rgba 8880), depth: 0, stencil: 0, acc: 0000, samples: 7/1
display  D   display_settings.c:398  _al_score_display_settings       [   0.13905] Single Buffer requirement not met.
display  D   display_settings.c:212  debug_display_settings           [   0.13907] color: 32 (rgba 8880), depth: 0, stencil: 0, acc: 0000, samples: 8/1
display  D   display_settings.c:398  _al_score_display_settings       [   0.13909] Single Buffer requirement not met.
display  D   display_settings.c:212  debug_display_settings           [   0.13912] color: 32 (rgba 8880), depth: 24, stencil: 8, acc: 0000, samples: 0/0
display  D   display_settings.c:398  _al_score_display_settings       [   0.13916] Single Buffer requirement not met.
display  D   display_settings.c:212  debug_display_settings           [   0.13920] color: 32 (rgba 8880), depth: 24, stencil: 8, acc: 0000, samples: 0/0
display  D   display_settings.c:398  _al_score_display_settings       [   0.13924] Single Buffer requirement not met.
display  D   display_settings.c:212  debug_display_settings           [   0.13926] color: 32 (rgba 8880), depth: 24, stencil: 8, acc: 0000, samples: 2/1
display  D   display_settings.c:398  _al_score_display_settings       [   0.13929] Single Buffer requirement not met.
display  D   display_settings.c:212  debug_display_settings           [   0.13931] color: 32 (rgba 8880), depth: 24, stencil: 8, acc: 0000, samples: 3/1
display  D   display_settings.c:398  _al_score_display_settings       [   0.13934] Single Buffer requirement not met.
display  D   display_settings.c:212  debug_display_settings           [   0.13936] color: 32 (rgba 8880), depth: 24, stencil: 8, acc: 0000, samples: 4/1
display  D   display_settings.c:398  _al_score_display_settings       [   0.13939] Single Buffer requirement not met.
display  D   display_settings.c:212  debug_display_settings           [   0.13941] color: 32 (rgba 8880), depth: 24, stencil: 8, acc: 0000, samples: 5/1
display  D   display_settings.c:398  _al_score_display_settings       [   0.13944] Single Buffer requirement not met.
display  D   display_settings.c:212  debug_display_settings           [   0.13946] color: 32 (rgba 8880), depth: 24, stencil: 8, acc: 0000, samples: 6/1
display  D   display_settings.c:398  _al_score_display_settings       [   0.13948] Single Buffer requirement not met.
display  D   display_settings.c:212  debug_display_settings           [   0.13951] color: 32 (rgba 8880), depth: 24, stencil: 8, acc: 0000, samples: 7/1
display  D   display_settings.c:398  _al_score_display_settings       [   0.13953] Single Buffer requirement not met.
display  D   display_settings.c:212  debug_display_settings           [   0.13956] color: 32 (rgba 8880), depth: 24, stencil: 8, acc: 0000, samples: 8/1
display  D   display_settings.c:398  _al_score_display_settings       [   0.13958] Single Buffer requirement not met.
display  D   display_settings.c:212  debug_display_settings           [   0.13960] color: 32 (rgba 8880), depth: 24, stencil: 0, acc: 0000, samples: 0/0
display  D   display_settings.c:398  _al_score_display_settings       [   0.13963] Single Buffer requirement not met.
display  D   display_settings.c:212  debug_display_settings           [   0.13965] color: 32 (rgba 8880), depth: 24, stencil: 0, acc: 0000, samples: 0/0
display  D   display_settings.c:398  _al_score_display_settings       [   0.13968] Single Buffer requirement not met.
display  D   display_settings.c:212  debug_display_settings           [   0.13970] color: 32 (rgba 8880), depth: 24, stencil: 0, acc: 0000, samples: 2/1
display  D   display_settings.c:398  _al_score_display_settings       [   0.13973] Single Buffer requirement not met.
display  D   display_settings.c:212  debug_display_settings           [   0.13975] color: 32 (rgba 8880), depth: 24, stencil: 0, acc: 0000, samples: 3/1
display  D   display_settings.c:398  _al_score_display_settings       [   0.13978] Single Buffer requirement not met.
display  D   display_settings.c:212  debug_display_settings           [   0.13980] color: 32 (rgba 8880), depth: 24, stencil: 0, acc: 0000, samples: 4/1
display  D   display_settings.c:398  _al_score_display_settings       [   0.13983] Single Buffer requirement not met.
display  D   display_settings.c:212  debug_display_settings           [   0.13985] color: 32 (rgba 8880), depth: 24, stencil: 0, acc: 0000, samples: 5/1
display  D   display_settings.c:398  _al_score_display_settings       [   0.13989] Single Buffer requirement not met.
display  D   display_settings.c:212  debug_display_settings           [   0.13998] color: 32 (rgba 8880), depth: 24, stencil: 0, acc: 0000, samples: 6/1
display  D   display_settings.c:398  _al_score_display_settings       [   0.14001] Single Buffer requirement not met.
display  D   display_settings.c:212  debug_display_settings           [   0.14004] color: 32 (rgba 8880), depth: 24, stencil: 0, acc: 0000, samples: 7/1
display  D   display_settings.c:398  _al_score_display_settings       [   0.14009] Single Buffer requirement not met.
display  D   display_settings.c:212  debug_display_settings           [   0.14014] color: 32 (rgba 8880), depth: 24, stencil: 0, acc: 0000, samples: 8/1
display  D   display_settings.c:398  _al_score_display_settings       [   0.14021] Single Buffer requirement not met.
display  D   display_settings.c:212  debug_display_settings           [   0.14026] color: 32 (rgba 8880), depth: 16, stencil: 0, acc: 0000, samples: 0/0
display  D   display_settings.c:398  _al_score_display_settings       [   0.14029] Single Buffer requirement not met.
display  D   display_settings.c:212  debug_display_settings           [   0.14032] color: 32 (rgba 8880), depth: 16, stencil: 0, acc: 0000, samples: 0/0
display  D   display_settings.c:398  _al_score_display_settings       [   0.14035] Single Buffer requirement not met.
display  D   display_settings.c:212  debug_display_settings           [   0.14038] color: 32 (rgba 8880), depth: 16, stencil: 0, acc: 0000, samples: 2/1
display  D   display_settings.c:398  _al_score_display_settings       [   0.14041] Single Buffer requirement not met.
display  D   display_settings.c:212  debug_display_settings           [   0.14044] color: 32 (rgba 8880), depth: 16, stencil: 0, acc: 0000, samples: 3/1
display  D   display_settings.c:398  _al_score_display_settings       [   0.14048] Single Buffer requirement not met.
display  D   display_settings.c:212  debug_display_settings           [   0.14055] color: 32 (rgba 8880), depth: 16, stencil: 0, acc: 0000, samples: 4/1
display  D   display_settings.c:398  _al_score_display_settings       [   0.14060] Single Buffer requirement not met.
display  D   display_settings.c:212  debug_display_settings           [   0.14063] color: 32 (rgba 8880), depth: 16, stencil: 0, acc: 0000, samples: 5/1
display  D   display_settings.c:398  _al_score_display_settings       [   0.14066] Single Buffer requirement not met.
display  D   display_settings.c:212  debug_display_settings           [   0.14069] color: 32 (rgba 8880), depth: 16, stencil: 0, acc: 0000, samples: 6/1
display  D   display_settings.c:398  _al_score_display_settings       [   0.14072] Single Buffer requirement not met.
display  D   display_settings.c:212  debug_display_settings           [   0.14074] color: 32 (rgba 8880), depth: 16, stencil: 0, acc: 0000, samples: 7/1
display  D   display_settings.c:398  _al_score_display_settings       [   0.14081] Single Buffer requirement not met.
display  D   display_settings.c:212  debug_display_settings           [   0.14086] color: 32 (rgba 8880), depth: 16, stencil: 0, acc: 0000, samples: 8/1
display  D   display_settings.c:398  _al_score_display_settings       [   0.14089] Single Buffer requirement not met.
display  D   display_settings.c:212  debug_display_settings           [   0.14093] color: 16 (rgba 5650), depth: 0, stencil: 0, acc: 0000, samples: 0/0
display  D   display_settings.c:398  _al_score_display_settings       [   0.14095] Single Buffer requirement not met.
display  D   display_settings.c:212  debug_display_settings           [   0.14098] color: 16 (rgba 5650), depth: 0, stencil: 0, acc: 0000, samples: 0/0
display  D   display_settings.c:398  _al_score_display_settings       [   0.14100] Single Buffer requirement not met.
display  D   display_settings.c:212  debug_display_settings           [   0.14103] color: 16 (rgba 5650), depth: 0, stencil: 0, acc: 0000, samples: 2/1
display  D   display_settings.c:398  _al_score_display_settings       [   0.14105] Single Buffer requirement not met.
display  D   display_settings.c:212  debug_display_settings           [   0.14114] color: 16 (rgba 5650), depth: 0, stencil: 0, acc: 0000, samples: 3/1
display  D   display_settings.c:398  _al_score_display_settings       [   0.14118] Single Buffer requirement not met.
display  D   display_settings.c:212  debug_display_settings           [   0.14120] color: 16 (rgba 5650), depth: 0, stencil: 0, acc: 0000, samples: 4/1
display  D   display_settings.c:398  _al_score_display_settings       [   0.14123] Single Buffer requirement not met.
display  D   display_settings.c:212  debug_display_settings           [   0.14125] color: 16 (rgba 5650), depth: 0, stencil: 0, acc: 0000, samples: 5/1
display  D   display_settings.c:398  _al_score_display_settings       [   0.14128] Single Buffer requirement not met.
display  D   display_settings.c:212  debug_display_settings           [   0.14130] color: 16 (rgba 5650), depth: 0, stencil: 0, acc: 0000, samples: 6/1
display  D   display_settings.c:398  _al_score_display_settings       [   0.14133] Single Buffer requirement not met.
display  D   display_settings.c:212  debug_display_settings           [   0.14135] color: 16 (rgba 5650), depth: 0, stencil: 0, acc: 0000, samples: 7/1
display  D   display_settings.c:398  _al_score_display_settings       [   0.14138] Single Buffer requirement not met.
display  D   display_settings.c:212  debug_display_settings           [   0.14140] color: 16 (rgba 5650), depth: 0, stencil: 0, acc: 0000, samples: 8/1
display  D   display_settings.c:398  _al_score_display_settings       [   0.14143] Single Buffer requirement not met.
display  D   display_settings.c:212  debug_display_settings           [   0.14145] color: 16 (rgba 5650), depth: 24, stencil: 8, acc: 0000, samples: 0/0
display  D   display_settings.c:398  _al_score_display_settings       [   0.14148] Single Buffer requirement not met.
display  D   display_settings.c:212  debug_display_settings           [   0.14150] color: 16 (rgba 5650), depth: 24, stencil: 8, acc: 0000, samples: 0/0
display  D   display_settings.c:398  _al_score_display_settings       [   0.14153] Single Buffer requirement not met.
display  D   display_settings.c:212  debug_display_settings           [   0.14155] color: 16 (rgba 5650), depth: 24, stencil: 8, acc: 0000, samples: 2/1
display  D   display_settings.c:398  _al_score_display_settings       [   0.14159] Single Buffer requirement not met.
display  D   display_settings.c:212  debug_display_settings           [   0.14161] color: 16 (rgba 5650), depth: 24, stencil: 8, acc: 0000, samples: 3/1
display  D   display_settings.c:398  _al_score_display_settings       [   0.14164] Single Buffer requirement not met.
display  D   display_settings.c:212  debug_display_settings           [   0.14166] color: 16 (rgba 5650), depth: 24, stencil: 8, acc: 0000, samples: 4/1
display  D   display_settings.c:398  _al_score_display_settings       [   0.14169] Single Buffer requirement not met.
display  D   display_settings.c:212  debug_display_settings           [   0.14172] color: 16 (rgba 5650), depth: 24, stencil: 8, acc: 0000, samples: 5/1
display  D   display_settings.c:398  _al_score_display_settings       [   0.14174] Single Buffer requirement not met.
display  D   display_settings.c:212  debug_display_settings           [   0.14177] color: 16 (rgba 5650), depth: 24, stencil: 8, acc: 0000, samples: 6/1
display  D   display_settings.c:398  _al_score_display_settings       [   0.14180] Single Buffer requirement not met.
display  D   display_settings.c:212  debug_display_settings           [   0.14182] color: 16 (rgba 5650), depth: 24, stencil: 8, acc: 0000, samples: 7/1
display  D   display_settings.c:398  _al_score_display_settings       [   0.14185] Single Buffer requirement not met.
display  D   display_settings.c:212  debug_display_settings           [   0.14187] color: 16 (rgba 5650), depth: 24, stencil: 8, acc: 0000, samples: 8/1
display  D   display_settings.c:398  _al_score_display_settings       [   0.14190] Single Buffer requirement not met.
display  D   display_settings.c:212  debug_display_settings           [   0.14196] color: 16 (rgba 5650), depth: 24, stencil: 0, acc: 0000, samples: 0/0
display  D   display_settings.c:398  _al_score_display_settings       [   0.14199] Single Buffer requirement not met.
display  D   display_settings.c:212  debug_display_settings           [   0.14201] color: 16 (rgba 5650), depth: 24, stencil: 0, acc: 0000, samples: 0/0
display  D   display_settings.c:398  _al_score_display_settings       [   0.14204] Single Buffer requirement not met.
display  D   display_settings.c:212  debug_display_settings           [   0.14206] color: 16 (rgba 5650), depth: 24, stencil: 0, acc: 0000, samples: 2/1
display  D   display_settings.c:398  _al_score_display_settings       [   0.14209] Single Buffer requirement not met.
display  D   display_settings.c:212  debug_display_settings           [   0.14212] color: 16 (rgba 5650), depth: 24, stencil: 0, acc: 0000, samples: 3/1
display  D   display_settings.c:398  _al_score_display_settings       [   0.14215] Single Buffer requirement not met.
display  D   display_settings.c:212  debug_display_settings           [   0.14217] color: 16 (rgba 5650), depth: 24, stencil: 0, acc: 0000, samples: 4/1
display  D   display_settings.c:398  _al_score_display_settings       [   0.14220] Single Buffer requirement not met.
display  D   display_settings.c:212  debug_display_settings           [   0.14223] color: 16 (rgba 5650), depth: 24, stencil: 0, acc: 0000, samples: 5/1
display  D   display_settings.c:398  _al_score_display_settings       [   0.14225] Single Buffer requirement not met.
display  D   display_settings.c:212  debug_display_settings           [   0.14228] color: 16 (rgba 5650), depth: 24, stencil: 0, acc: 0000, samples: 6/1
display  D   display_settings.c:398  _al_score_display_settings       [   0.14231] Single Buffer requirement not met.
display  D   display_settings.c:212  debug_display_settings           [   0.14233] color: 16 (rgba 5650), depth: 24, stencil: 0, acc: 0000, samples: 7/1
display  D   display_settings.c:398  _al_score_display_settings       [   0.14236] Single Buffer requirement not met.
display  D   display_settings.c:212  debug_display_settings           [   0.14238] color: 16 (rgba 5650), depth: 24, stencil: 0, acc: 0000, samples: 8/1
display  D   display_settings.c:398  _al_score_display_settings       [   0.14241] Single Buffer requirement not met.
display  D   display_settings.c:212  debug_display_settings           [   0.14243] color: 16 (rgba 5650), depth: 16, stencil: 0, acc: 0000, samples: 0/0
display  D   display_settings.c:398  _al_score_display_settings       [   0.14246] Single Buffer requirement not met.
display  D   display_settings.c:212  debug_display_settings           [   0.14249] color: 16 (rgba 5650), depth: 16, stencil: 0, acc: 0000, samples: 0/0
display  D   display_settings.c:398  _al_score_display_settings       [   0.14252] Single Buffer requirement not met.
display  D   display_settings.c:212  debug_display_settings           [   0.14254] color: 16 (rgba 5650), depth: 16, stencil: 0, acc: 0000, samples: 2/1
display  D   display_settings.c:398  _al_score_display_settings       [   0.14257] Single Buffer requirement not met.
display  D   display_settings.c:212  debug_display_settings           [   0.14259] color: 16 (rgba 5650), depth: 16, stencil: 0, acc: 0000, samples: 3/1
display  D   display_settings.c:398  _al_score_display_settings       [   0.14263] Single Buffer requirement not met.
display  D   display_settings.c:212  debug_display_settings           [   0.14265] color: 16 (rgba 5650), depth: 16, stencil: 0, acc: 0000, samples: 4/1
display  D   display_settings.c:398  _al_score_display_settings       [   0.14268] Single Buffer requirement not met.
display  D   display_settings.c:212  debug_display_settings           [   0.14270] color: 16 (rgba 5650), depth: 16, stencil: 0, acc: 0000, samples: 5/1
display  D   display_settings.c:398  _al_score_display_settings       [   0.14273] Single Buffer requirement not met.
display  D   display_settings.c:212  debug_display_settings           [   0.14279] color: 16 (rgba 5650), depth: 16, stencil: 0, acc: 0000, samples: 6/1
display  D   display_settings.c:398  _al_score_display_settings       [   0.14282] Single Buffer requirement not met.
display  D   display_settings.c:212  debug_display_settings           [   0.14285] color: 16 (rgba 5650), depth: 16, stencil: 0, acc: 0000, samples: 7/1
display  D   display_settings.c:398  _al_score_display_settings       [   0.14287] Single Buffer requirement not met.
display  D   display_settings.c:212  debug_display_settings           [   0.14290] color: 16 (rgba 5650), depth: 16, stencil: 0, acc: 0000, samples: 8/1
display  D   display_settings.c:398  _al_score_display_settings       [   0.14293] Single Buffer requirement not met.
d3d      D         d3d_disp.cpp:1668 d3d_create_display_internals     [   0.14302] Trying format 0.
d3d      I         d3d_disp.cpp:1344 d3d_display_thread_proc          [   0.14333] Chose a display format: 23
d3d      I         d3d_disp.cpp:1413 d3d_display_thread_proc          [   0.14337] Normal window.
d3d      I         d3d_disp.cpp:781  d3d_create_device                [   0.16464] Using no depth stencil buffer
d3d      D         d3d_disp.cpp:839  d3d_create_device                [   0.20244] BeginScene succeeded in create_device
d3d      D         d3d_disp.cpp:847  d3d_create_device                [   0.20250] Success
d3d      D         d3d_disp.cpp:1691 d3d_create_display_internals     [   0.20256] Resumed after wait.
d3d      I         d3d_disp.cpp:1724 d3d_create_display_internals     [   0.20265] Format 0 succeeded.
d3d      D         d3d_disp.cpp:1755 d3d_create_display_internals     [   0.20270] Returning d3d_display: 03C6C160
d3d      D         d3d_disp.cpp:1780 d3d_create_display_locked        [   0.20273] al_display=03C6C160
d3d      D         d3d_disp.cpp:1781 d3d_create_display_locked        [   0.20275] al_display->vt=019EF3C0
system   D            wsystem.c:802  maybe_parent_dir                 [   0.20298] Also searching C:\Users\Kamal\Documents\GitHub\Asteray\
system   D            wsystem.c:852  _al_win_safe_load_library        [   0.20323] PathFindOnPath found: C:\WINDOWS\system32\d3dx9_43.dll
system   D            wsystem.c:763  load_library_at_path             [   0.20326] Calling LoadLibrary C:\WINDOWS\system32\d3dx9_43.dll
system   I            wsystem.c:766  load_library_at_path             [   0.20429] Loaded C:\WINDOWS\system32\d3dx9_43.dll
d3dx9    I        d3d_d3dx9.cpp:88   _imp_load_d3dx9_module_version   [   0.20435] Module "d3dx9_43.dll" loaded.
