c:\users\gebei\documents\github\asteray\hubble\x64\debug\vc141.pdb
c:\users\gebei\documents\github\asteray\hubble\x64\debug\vc141.idb
c:\users\gebei\documents\github\asteray\hubble\x64\debug\jupiball.obj
c:\users\gebei\documents\github\asteray\hubble\x64\debug\inferred.obj
c:\users\gebei\documents\github\asteray\hubble\x64\debug\icet.obj
c:\users\gebei\documents\github\asteray\hubble\x64\debug\heat_wave.obj
c:\users\gebei\documents\github\asteray\hubble\x64\debug\haychba.obj
c:\users\gebei\documents\github\asteray\hubble\x64\debug\haych.obj
c:\users\gebei\documents\github\asteray\hubble\x64\debug\game_loop.obj
c:\users\gebei\documents\github\asteray\hubble\x64\debug\event.obj
c:\users\gebei\documents\github\asteray\hubble\x64\debug\epolice.obj
c:\users\gebei\documents\github\asteray\hubble\x64\debug\enemy_manager.obj
c:\users\gebei\documents\github\asteray\hubble\x64\debug\enemy_lazer.obj
c:\users\gebei\documents\github\asteray\hubble\x64\debug\enemies.obj
c:\users\gebei\documents\github\asteray\hubble\x64\debug\egg_bomb.obj
c:\users\gebei\documents\github\asteray\hubble\x64\debug\diamond_shot.obj
c:\users\gebei\documents\github\asteray\hubble\x64\debug\collision.obj
c:\users\gebei\documents\github\asteray\hubble\x64\debug\boss.obj
c:\users\gebei\documents\github\asteray\hubble\x64\debug\blobby.obj
c:\users\gebei\documents\github\asteray\hubble\x64\debug\asterix.obj
c:\users\gebei\documents\github\asteray\hubble\x64\debug\animate.obj
c:\users\gebei\documents\github\asteray\hubble\x64\debug\ammo.obj
c:\users\gebei\documents\github\asteray\hubble\x64\debug\spartak_laser.obj
c:\users\gebei\documents\github\asteray\hubble\x64\debug\spartak_ball.obj
c:\users\gebei\documents\github\asteray\hubble\x64\debug\spaceship.obj
c:\users\gebei\documents\github\asteray\hubble\x64\debug\source.obj
c:\users\gebei\documents\github\asteray\hubble\x64\debug\sonic_wave.obj
c:\users\gebei\documents\github\asteray\hubble\x64\debug\sonic_turbulence.obj
c:\users\gebei\documents\github\asteray\hubble\x64\debug\single_twin.obj
c:\users\gebei\documents\github\asteray\hubble\x64\debug\screen_state.obj
c:\users\gebei\documents\github\asteray\hubble\x64\debug\screen_manager.obj
c:\users\gebei\documents\github\asteray\hubble\x64\debug\satusphere.obj
c:\users\gebei\documents\github\asteray\hubble\x64\debug\player.obj
c:\users\gebei\documents\github\asteray\hubble\x64\debug\mpolice.obj
c:\users\gebei\documents\github\asteray\hubble\x64\debug\molten_shot.obj
c:\users\gebei\documents\github\asteray\hubble\x64\debug\mini_boss.obj
c:\users\gebei\documents\github\asteray\hubble\x64\debug\mechanism.obj
c:\users\gebei\documents\github\asteray\hubble\x64\debug\main_menu.obj
c:\users\gebei\documents\github\asteray\hubble\x64\debug\lazer_b.obj
c:\users\gebei\documents\github\asteray\hubble\x64\debug\lazer.obj
c:\users\gebei\documents\github\asteray\hubble\x64\debug\kamet.obj
c:\users\gebei\documents\github\asteray\hubble\x64\debug\kamekoset.obj
c:\users\gebei\documents\github\asteray\hubble\x64\debug\ziggonet.obj
c:\users\gebei\documents\github\asteray\hubble\x64\debug\xybtofy.obj
c:\users\gebei\documents\github\asteray\hubble\x64\debug\wyrm.obj
c:\users\gebei\documents\github\asteray\hubble\x64\debug\weaponmanager.obj
c:\users\gebei\documents\github\asteray\hubble\x64\debug\weapon.obj
c:\users\gebei\documents\github\asteray\hubble\x64\debug\v_beam.obj
c:\users\gebei\documents\github\asteray\hubble\x64\debug\volcanon.obj
c:\users\gebei\documents\github\asteray\hubble\x64\debug\tools_manager.obj
c:\users\gebei\documents\github\asteray\hubble\x64\debug\tools.obj
c:\users\gebei\documents\github\asteray\hubble\x64\debug\status.obj
c:\users\gebei\documents\github\asteray\hubble\x64\debug\stages.obj
c:\users\gebei\documents\github\asteray\hubble\x64\debug\spyder.obj
c:\users\gebei\documents\github\asteray\hubble\x64\debug\splash_screen.obj
c:\users\gebei\documents\github\asteray\x64\debug\hubble.exe
c:\users\gebei\documents\github\asteray\x64\debug\hubble.ilk
c:\users\gebei\documents\github\asteray\x64\debug\hubble.pdb
c:\users\gebei\documents\github\asteray\hubble\x64\debug\game_loop.obj.enc
c:\users\gebei\documents\github\asteray\hubble\x64\debug\hubble.tlog\cl.command.1.tlog
c:\users\gebei\documents\github\asteray\hubble\x64\debug\hubble.tlog\cl.read.1.tlog
c:\users\gebei\documents\github\asteray\hubble\x64\debug\hubble.tlog\cl.write.1.tlog
c:\users\gebei\documents\github\asteray\hubble\x64\debug\hubble.tlog\link.command.1.tlog
c:\users\gebei\documents\github\asteray\hubble\x64\debug\hubble.tlog\link.read.1.tlog
c:\users\gebei\documents\github\asteray\hubble\x64\debug\hubble.tlog\link.write.1.tlog
