  Animate.cpp
  Asterix.cpp
  Diamond_shot.cpp
  Egg_Bomb.cpp
  Enemy_Lazer.cpp
  Enemy_Manager.cpp
c:\users\gebei\documents\github\asteray\hubble\enemy_manager.cpp(1530): warning C4267: 'return': conversion from 'size_t' to 'int', possible loss of data
  Epolice.cpp
  Event.cpp
  Haych.cpp
  Haychba.cpp
  Heat_wave.cpp
  Icet.cpp
  Inferred.cpp
  Jupiball.cpp
  Kamekoset.cpp
  Kamet.cpp
  Lazer_B.cpp
  Main_menu.cpp
  Molten_shot.cpp
  Mpolice.cpp
  Generating Code...
c:\users\gebei\documents\github\asteray\hubble\event.cpp(23): warning C4715: 'Event::event_keypress': not all control paths return a value
c:\users\gebei\documents\github\asteray\hubble\enemy_manager.cpp(1323): warning C4715: 'Enemy_Manager::get_boss_h': not all control paths return a value
c:\users\gebei\documents\github\asteray\hubble\enemy_manager.cpp(1417): warning C4715: 'Enemy_Manager::get_boss_w': not all control paths return a value
  Compiling...
  Satusphere.cpp
  Single_Twin.cpp
  Sonic_Turbulence.cpp
  Sonic_Wave.cpp
  Source.cpp
  Spaceship.cpp
  Spartak_Laser.cpp
  Spartak_ball.cpp
  Splash_Screen.cpp
  Spyder.cpp
  Stages.cpp
  Status.cpp
  Tools_manager.cpp
  Volcanon.cpp
  Weapon.cpp
  Wyrm.cpp
  Xybtofy.cpp
  Ziggonet.cpp
  blobby.cpp
  boss.cpp
  Generating Code...
  Compiling...
  collision.cpp
  enemies.cpp
  game_loop.cpp
  lazer.cpp
  mini_boss.cpp
  player.cpp
  screen_manager.cpp
  screen_state.cpp
  v_beam.cpp
  weaponManager.cpp
  Generating Code...
  LINK : C:\Users\gebei\Documents\GitHub\Asteray\x64\Debug\hubble.exe not found or not built by the last incremental link; performing full link
  hubble.vcxproj -> C:\Users\gebei\Documents\GitHub\Asteray\x64\Debug\hubble.exe
