c:\users\gebei\documents\github\asteray\hubble\release\vc141.pdb
c:\users\gebei\documents\github\asteray\hubble\release\jupiball.obj
c:\users\gebei\documents\github\asteray\hubble\release\inferred.obj
c:\users\gebei\documents\github\asteray\hubble\release\icet.obj
c:\users\gebei\documents\github\asteray\hubble\release\heat_wave.obj
c:\users\gebei\documents\github\asteray\hubble\release\haychba.obj
c:\users\gebei\documents\github\asteray\hubble\release\haych.obj
c:\users\gebei\documents\github\asteray\hubble\release\game_loop.obj
c:\users\gebei\documents\github\asteray\hubble\release\event.obj
c:\users\gebei\documents\github\asteray\hubble\release\epolice.obj
c:\users\gebei\documents\github\asteray\hubble\release\enemy_manager.obj
c:\users\gebei\documents\github\asteray\hubble\release\enemy_lazer.obj
c:\users\gebei\documents\github\asteray\hubble\release\enemies.obj
c:\users\gebei\documents\github\asteray\hubble\release\egg_bomb.obj
c:\users\gebei\documents\github\asteray\hubble\release\diamond_shot.obj
c:\users\gebei\documents\github\asteray\hubble\release\collision.obj
c:\users\gebei\documents\github\asteray\hubble\release\boss.obj
c:\users\gebei\documents\github\asteray\hubble\release\blobby.obj
c:\users\gebei\documents\github\asteray\hubble\release\asterix.obj
c:\users\gebei\documents\github\asteray\hubble\release\animate.obj
c:\users\gebei\documents\github\asteray\hubble\release\ammo.obj
c:\users\gebei\documents\github\asteray\hubble\release\spartak_laser.obj
c:\users\gebei\documents\github\asteray\hubble\release\spartak_ball.obj
c:\users\gebei\documents\github\asteray\hubble\release\spaceship.obj
c:\users\gebei\documents\github\asteray\hubble\release\source.obj
c:\users\gebei\documents\github\asteray\hubble\release\sonic_wave.obj
c:\users\gebei\documents\github\asteray\hubble\release\sonic_turbulence.obj
c:\users\gebei\documents\github\asteray\hubble\release\single_twin.obj
c:\users\gebei\documents\github\asteray\hubble\release\screen_state.obj
c:\users\gebei\documents\github\asteray\hubble\release\screen_manager.obj
c:\users\gebei\documents\github\asteray\hubble\release\satusphere.obj
c:\users\gebei\documents\github\asteray\hubble\release\player.obj
c:\users\gebei\documents\github\asteray\hubble\release\mpolice.obj
c:\users\gebei\documents\github\asteray\hubble\release\molten_shot.obj
c:\users\gebei\documents\github\asteray\hubble\release\mini_boss.obj
c:\users\gebei\documents\github\asteray\hubble\release\mechanism.obj
c:\users\gebei\documents\github\asteray\hubble\release\main_menu.obj
c:\users\gebei\documents\github\asteray\hubble\release\lazer_b.obj
c:\users\gebei\documents\github\asteray\hubble\release\lazer.obj
c:\users\gebei\documents\github\asteray\hubble\release\kamet.obj
c:\users\gebei\documents\github\asteray\hubble\release\kamekoset.obj
c:\users\gebei\documents\github\asteray\hubble\release\ziggonet.obj
c:\users\gebei\documents\github\asteray\hubble\release\xybtofy.obj
c:\users\gebei\documents\github\asteray\hubble\release\wyrm.obj
c:\users\gebei\documents\github\asteray\hubble\release\weaponmanager.obj
c:\users\gebei\documents\github\asteray\hubble\release\weapon.obj
c:\users\gebei\documents\github\asteray\hubble\release\v_beam.obj
c:\users\gebei\documents\github\asteray\hubble\release\volcanon.obj
c:\users\gebei\documents\github\asteray\hubble\release\tools_manager.obj
c:\users\gebei\documents\github\asteray\hubble\release\tools.obj
c:\users\gebei\documents\github\asteray\hubble\release\status.obj
c:\users\gebei\documents\github\asteray\hubble\release\stages.obj
c:\users\gebei\documents\github\asteray\hubble\release\spyder.obj
c:\users\gebei\documents\github\asteray\hubble\release\splash_screen.obj
c:\users\gebei\documents\github\asteray\release\hubble.ipdb
c:\users\gebei\documents\github\asteray\release\hubble.iobj
c:\users\gebei\documents\github\asteray\release\hubble.exe
c:\users\gebei\documents\github\asteray\release\hubble.pdb
c:\users\gebei\documents\github\asteray\hubble\release\hubble.tlog\cl.command.1.tlog
c:\users\gebei\documents\github\asteray\hubble\release\hubble.tlog\cl.read.1.tlog
c:\users\gebei\documents\github\asteray\hubble\release\hubble.tlog\cl.write.1.tlog
c:\users\gebei\documents\github\asteray\hubble\release\hubble.tlog\hubble.write.1u.tlog
c:\users\gebei\documents\github\asteray\hubble\release\hubble.tlog\link.command.1.tlog
c:\users\gebei\documents\github\asteray\hubble\release\hubble.tlog\link.read.1.tlog
c:\users\gebei\documents\github\asteray\hubble\release\hubble.tlog\link.write.1.tlog
